2022/04/26 07:24:09  Thread:28  Login.btnLogin_Click(Object sender, EventArgs e) in c:\website\pdftag\Login.aspx.cs Line:31
Login account=admin ,isLogin=False

2022/04/26 07:24:17  Thread:23  Login.btnLogin_Click(Object sender, EventArgs e) in c:\website\pdftag\Login.aspx.cs Line:31
Login account=admin ,isLogin=True

2022/04/26 09:18:09  Thread:80  Login.btnLogin_Click(Object sender, EventArgs e) in c:\website\pdftag\Login.aspx.cs Line:31
Login account=admin ,isLogin=True

2022/04/26 11:32:40  Thread:210  Login.btnLogin_Click(Object sender, EventArgs e) in c:\website\pdftag\Login.aspx.cs Line:31
Login account=admin ,isLogin=True

2022/04/26 11:38:11  Thread:194  Passport_Passport_A000.ParsePDF(String pipid) in c:\website\pdftag\PDFManage\PDF_Manage_001.aspx.cs Line:675
type = fabric  Self  | colour 1 - WB  | M1475- Y112H0 CL  | Approve d  | Glyde Nylon Crinkle Solid/Black Weft 80gsm Non-PFC DWR  | Formosa Taffeta Co Ltd.  | 90  | 0  | 0.2000  | Yard  | $2.6300  | $0.5260  | Green Jasper  |  | Pome granat e  
type = fabric  Contrast 1  | colour 2 - Frt upper panel  | M1475- Y112H0 CL  | Approve d  | Glyde Nylon Crinkle Solid/Black Weft 80gsm Non-PFC DWR  | Formosa Taffeta Co Ltd.  | 90  | 0  | 0.3000  | Yard  | $2.6300  | $0.7890  | Wild Indigo  |  | Red Rock  
type = fabric  Contrast 2  | colour 3 - Frt Lower Panel  | M1475- Y112H0 CL  | Approve d  | Glyde Nylon Crinkle Solid/Black Weft 80gsm Non-PFC DWR  | Formosa Taffeta Co Ltd.  | 90  | 0  | 0.4000  | Yard  | $2.6300  | $1.0520  |  |  | Pink Peony  
type = fabric  Contrast 3  | colour 4 - Side panel  | M1475- Y112H0 CL  | Approve d  | Glyde Nylon Crinkle Solid/Black Weft 80gsm Non-PFC DWR  | Formosa Taffeta Co Ltd.  | 90  | 0  | 0.3000  | Yard  | $2.6300  | $0.7890  | Wild Indigo  |  | Red Rock  
type = fabric  Contrast 3  | colour 5 - Bk Yoke  | M1475- Y112H0 CL  | Approve d  | Glyde Nylon Crinkle Solid/Black Weft 80gsm Non-PFC DWR  | Formosa Taffeta Co Ltd.  | 90  | 0  | 0.3000  | Yard  | $2.6300  | $0.7890  |  |  | Pink Peony  
type = fabric  Contrast 5  | colour 6 - bk lower panel  | M1475- Y112H0 CL  | Approve d  | Glyde Nylon Crinkle Solid/Black Weft 80gsm Non-PFC DWR  | Formosa Taffeta Co Ltd.  | 90  | 0  | 0.4000  | Yard  | $2.6300  | $1.0520  | Green Jasper  |  | Pome granat e  
type = fabric  Lining 1  | Hem facing  | M1475- Y112H0 CL  | Approve d  | Glyde Nylon Crinkle Solid/Black Weft 80gsm Non-PFC DWR  | Formosa Taffeta Co Ltd.  | 90  | 0  | 0.1190  | Yard  | $2.6300  | $0.3130  |  |  | Pink Peony  | ----
type = fabric  Lining 2  | Hand pocket bags  | F11R62 0QD  | Approve d with Limitatio ns  | Improved Pilling Ultra Light Swift  | Everest Textile Co. Ltd.  | 55  | 0  | 0.3190  | Yard  | $2.4500  | $0.7816  | Wild Indigo  |  | Red Rock  
type = fabric  Lining 3  | Mesh card pkt  | DN92- DA-1  | Approve d  | Power mesh wider width 146gsm  | Yu Yuang Textile Co., Ltd  | 55  | 0  | 0.0120  | Yard  | $3.1300  | $0.0376  | Wild Indigo  |  | Red Rock  
type = fabric trim  
type = trim  See QA Manual  | Thread Needle  | 5643160  | Approve d  | Gramax Tex 18, Ticket 160 Thread  | Coats Plc  | 0  | 45  | 1.0000  | Yard  | $0.0006  | $0.0006  | DTM  | DTM  | DTM  
type = trim  See QA Manual  | Thread Looper  | F785120  | Approve d  | Seamsoft Tex 16, Ticket 120 Thread  | Coats Plc  | 0  | 45  | 1.0000  | Yard  | $0.0007  | $0.0007  | DTM  | DTM  | DTM  
type = trim  See QA Manual  | Thread Bartacks  | 2994180  | Approve d  | Epic Tex 18, Ticket 180 Thread  | Coats Plc  | 0  | 45  | 1.0000  | Yard  | $0.0007  | $0.0007  | DTM  | DTM  | DTM  
type = trim  See Technical Sketch  | waistban d elastic  | SK0808 83-045.0  | Approve d  | EL00445 ¡V Stretch Thinner Thread Elastic with Multifilamen t -  45mm  | Stretchline  | 0  | 56  | 1.2000  | Yard  | $0.2560  | $0.3072  | White  |  | White  
type = trim  See Technical Sketch  | waist drawcor d  | SRC04P L  | Approve d  | DC00059 - Non-Stretch Paracord - 4mm  | Standford  | 0  | 45  | 1.6000  | Yard  | $0.1580  | $0.2528  | Black/ Green Jasper /Vapor  |  | Black/ Red Rock/ Vapor  | ----
type = trim  See Technical Sketch  | waist Toggle  | 416- 00686- 100007  | Approve d  | CO00104 - Recycled Rubberized Nylon 2- hole Toggle Cordlock for 5mm Shockcord  | UTX/Durafl ex  | 0  | 45  | 1.0000  | Each  | $0.4200  | $0.4200  | Green Jasper  |  | Pome granat e  
type = trim  See Technical Sketch  | pocket fusing  | AP08  | Approve d  | Fusible light weight Knit interfacing as sourced by RSI  | Factory Sourced  | 0  | 0  | 1.0000  | Yard  | $0.0100  | $0.0100  | White  |  | White  
type = trim  See Technical Sketch  | Mesh card pkt edge  | QE1/4"M OBILON  | Approve d  | 1/4" Clear Mobilon Elastic (factory- sourced)  | Factory Sourced  | 0  | 0  | 0.3000  | Yard  | $0.0001  | $0.0000  | Clear  | Clear  | Clear  
type = trim  See Technical Sketch  | Logo- Producti on use LUF201 507110 - DTM side panel  | LUF201 408071  | Approve d with Limitatio ns  | T00172 - 0.5mm Raised Matte Lulu Logo - 13mm  | E. Textint  | 0  | 40  | 1.0000  | Each  | $0.1550  | $0.1550  |  |  | Red Rock/ Light Grey  
type = trim labels  
type = labels  See Technical Sketch  |  | TRACE0 0001  | Approve d  | TRACE000 01 - Size and Traceability Label  | Avery/Paxar  | 0  | 14  | 1.0000  | Each  | $0.0300  | $0.0300  | White/ Grey  | White/ Grey  | White/ Grey  
type = labels  See QA Manual  | Wearer's inner left side seam 4" up from hem  | CC0002 7  | Approve d  | CC00027- Permanent- Satin-Black- 45x55mm  | Shanghai JML Apparel Co. Ltd.  | 0  | 15  | 1.0000  | Each  | $0.0400  | $0.0400  |  |  |  | ----
type = labels  See QA Manual  | Inside CB waist seam  | CC0000 1  | Approve d  | CC00001- LLL- GARMENT  | Shanghai JML Apparel Co. Ltd.  | 0  | 15  | 1.0000  | Each  | $0.0320  | $0.0320  | White  | White  | White  
type = labels packaging  
type = packaging  See QA Manual  | Self Tab @ inside WB. See technical sketch  | HTT100 2-ST- 2IN  | Approve d  | Hangtag Trim - Swiftach Fastener - 2inch  | Factory Sourced  | 0  | 0  | 1.0000  | Each  | $0.0000  | $0.0000  | White  | White  | White  
type = packaging  See QA Manual  |  | LHT- WWMT- 001  | Approve d  | LHT - lululemon WWMT Hangtag - White  | Avery/Paxar  | 0  | 14  | 1.0000  | Each  | $0.0369  | $0.0369  | White  | White  | White  
type = packaging  See QA Manual  |  | LWWMT Barcode  | Approve d  | WWMT Barcode Sticker  | Avery/Paxar  | 0  | 40  | 1.0000  | Each  | $0.0987  | $0.0987  | White  | White  | White  
type = packaging   |  |  |  |  |  | 0  | 0  | 0.0000  |  | $0.0000  | $0.0000  |  |  |  
type = packaging  See QA Manual  |  | ZLAPXS 1  | Approve d  | ZLAPXS1 - Source Tag - Eas Soft Label  | Tyco  | 0  | 0  | 1.0000  | Each  | $0.0430  | $0.0430  | White  | White  | White  
type = packaging finishing  
type = finishing   |  |  |  |  |  | 0  | 0  | 0.0000  |  | $0.0000  | $0.0000  |  |  |  
type = finishing  ----


2022/04/26 11:39:13  Thread:215  Passport_Passport_A000.ParsePDF(String pipid) in c:\website\pdftag\PDFManage\PDF_Manage_001.aspx.cs Line:675
type = fabric  self  | colour 1  | M1475- Y112H0C L  | Approved  | Glyde Nylon Crinkle Solid/Black Weft 80gsm Non-PFC DWR  | Formosa Taffeta Co Ltd.  | 90  | 0  | 0.3430  | Yard  | $2.6300  | $0.9021  | Black  
type = fabric  contrast1  | colour 2  | M1475- Y112H0C L  | Approved  | Glyde Nylon Crinkle Solid/Black Weft 80gsm Non-PFC DWR  | Formosa Taffeta Co Ltd.  | 90  | 0  | 0.3430  | Yard  | $2.6300  | $0.9021  | Black  
type = fabric  contrast2  | colour 3 front lower panel  | M1475- Y112H0C L  | Approved  | Glyde Nylon Crinkle Solid/Black Weft 80gsm Non-PFC DWR  | Formosa Taffeta Co Ltd.  | 90  | 0  | 0.3430  | Yard  | $2.6300  | $0.9021  | Black  
type = fabric  contrast3  | colour 3 back lower panel  | M1475- Y112H0C L  | Approved  | Glyde Nylon Crinkle Solid/Black Weft 80gsm Non-PFC DWR  | Formosa Taffeta Co Ltd.  | 90  | 0  | 0.3430  | Yard  | $2.6300  | $0.9021  | Black  
type = fabric  lining1  | waistband facing  | M1475- Y112H0C L  | Approved  | Glyde Nylon Crinkle Solid/Black Weft 80gsm Non-PFC DWR  | Formosa Taffeta Co Ltd.  | 90  | 0  | 0.1190  | Yard  | $2.6300  | $0.3130  | Black  
type = fabric  lining2  | hem facing  | M1475- Y112H0C L  | Approved  | Glyde Nylon Crinkle Solid/Black Weft 80gsm Non-PFC DWR  | Formosa Taffeta Co Ltd.  | 90  | 0  | 0.1190  | Yard  | $2.6300  | $0.3130  | Black  
type = fabric  lining3  | pocket bags  | F11R620 QD  | Approved with Limitation s  | Improved Pilling Ultra Light Swift  | Everest Textile Co. Ltd.  | 55  | 0  | 0.3190  | Yard  | $2.4500  | $0.7816  | Black  | ----
type = fabric  lining4  | media/car d pkt  | DN92- DA-1  | Approved  | Power mesh wider width 146gsm  | Yu Yuang Textile Co., Ltd  | 55  | 0  | 0.0120  | Yard  | $3.1300  | $0.0376  | Black  
type = fabric trim  
type = trim  seeQAManual  | Thread Needle  | 5643160  | Approved  | Gramax Tex 18, Ticket 160 Thread  | Coats Plc  | 0  | 45  | 1.0000  | Yard  | $0.0006  | $0.0006  | DTM  
type = trim  seeQAManual  | Thread Looper  | F785120  | Approved  | Seamsoft Tex 16, Ticket 120 Thread  | Coats Plc  | 0  | 45  | 0.0000  | Yard  | $0.0007  | $0.0000  | DTM  
type = trim  seeQAManual  | Thread Bartacks  | 2994180  | Approved  | Epic Tex 18, Ticket 180 Thread  | Coats Plc  | 0  | 45  | 1.0000  | Yard  | $0.0007  | $0.0007  | DTM  
type = trim   | Hem Thread - match C2 dtm continuou s thread  |  |  |  |  | 0  | 0  | 0.0000  |  | $0.0000  | $0.0000  |  
type = trim   |  |  |  |  |  | 0  | 0  | 0.0000  |  | $0.0000  | $0.0000  |  
type = trim  seeTechnicalSketc h  | waistband elastic  | SK08088 3-045.0  | Approved  | EL00445 ¡V Stretch Thinner Thread Elastic with Multifilament -  45mm  | Stretchline  | 0  | 56  | 1.2000  | Yard  | $0.2560  | $0.3072  | Black  
type = trim  seeTechnicalSketc h  | waist drawcord  | SRC04PL  | Approved  | DC00059 - Non-Stretch Paracord - 4mm  | Standford  | 0  | 45  | 1.6000  | Yard  | $0.1580  | $0.2528  | Black/S tarlight/ White  
type = trim  seeTechnicalSketc h  | waist toggle  | #3593  | Approved with Limitation s  | CO00026 - Metal Mini Toggle with Two Holes - 5mm  | Shing Kung  | 0  | 60  | 1.0000  | Each  | $0.5800  | $0.5800  | Shiny Gunme tal - sk- 116  | ----
type = labels  seeTechnicalSketc h  |  | TRACE00 001  | Approved  | TRACE00001 - Size and Traceability Label  | Avery/Paxar  | 0  | 14  | 1.0000  | Each  | $0.0300  | $0.0300  | White/ Grey  
type = labels  seeQAManual  | Wearer's inner left side seam 4" up from hem  | CC00027  | Approved  | CC00027- Permanent- Satin-Black- 45x55mm  | Shanghai JML Apparel Co. Ltd.  | 0  | 15  | 1.0000  | Each  | $0.0400  | $0.0400  | Black  
type = labels  seeQAManual  | Inside CB waist seam  | CC00001  | Approved  | CC00001- LLL- GARMENT  | Shanghai JML Apparel Co. Ltd.  | 0  | 15  | 1.0000  | Each  | $0.0320  | $0.0320  | White  
type = labels packaging  
type = packaging  seeQAManual  | Self Tab @ inside WB. See technical  | HTT1002- ST-2IN  | Approved  | Hangtag Trim - Swiftach Fastener - 2inch  | Factory Sourced  | 0  | 0  | 1.0000  | Each  | $0.0000  | $0.0000  | White  | ----
type = trim   |  |  |  |  |  | 0  | 0  | 0.0000  |  | $0.0000  | $0.0000  |  
type = trim  seeTechnicalSketc h  | pocket fusing  | AP08  | Approved  | Fusible light weight Knit interfacing as sourced by RSI  | Factory Sourced  | 0  | 0  | 1.0000  | Yard  | $0.0100  | $0.0100  | Black  
type = trim  seeTechnicalSketc h  | media/car d pkt edge  | QE1/4"M OBILON  | Approved  | 1/4" Clear Mobilon Elastic (factory- sourced)  | Factory Sourced  | 0  | 0  | 0.3000  | Yard  | $0.0001  | $0.0000  | Clear  
type = trim   |  |  |  |  |  | 0  | 0  | 0.0000  |  | $0.0000  | $0.0000  |  
type = trim  seeTechnicalSketc h  | Logo- Productio n use LUF2015 07110  | LUF2014 08071  | Approved with Limitation s  | T00172 - 0.5mm Raised Matte Lulu Logo - 13mm  | E. Textint  | 0  | 40  | 1.0000  | Each  | $0.1550  | $0.1550  | Black/D ark Grey  | ----
type = packaging   |  |  |  |  |  |  |  |  |  |  |  |  
type = packaging  seeQAManual  |  | LHT- WWMT- 001  | Approved  | LHT - lululemon WWMT Hangtag - White  | Avery/Paxar  | 0  | 14  | 1.0000  | Each  | $0.0369  | $0.0369  | White  
type = packaging  seeQAManual  |  | LWWMT Barcode  | Approved  | WWMT Barcode Sticker  | Avery/Paxar  | 0  | 40  | 1.0000  | Each  | $0.0987  | $0.0987  | White  
type = packaging   |  |  |  |  |  | 0  | 0  | 0.0000  |  | $0.0000  | $0.0000  |  
type = packaging  seeQAManual  |  | ZLAPXS1  | Approved  | ZLAPXS1 - Source Tag - Eas Soft Label  | Tyco  | 0  | 0  | 1.0000  | Each  | $0.0430  | $0.0430  | White  
type = packaging finishing  
type = finishing   |  |  |  |  |  | 0  | 0  | 0.0000  |  | $0.0000  | $0.0000  |  
type = finishing Total = $6.640  | ----


2022/04/26 11:51:53  Thread:188  Login.btnLogin_Click(Object sender, EventArgs e) in c:\website\pdftag\Login.aspx.cs Line:31
Login account=admin ,isLogin=True

2022/04/26 12:11:09  Thread:165  Login.btnLogin_Click(Object sender, EventArgs e) in c:\website\pdftag\Login.aspx.cs Line:31
Login account=admin ,isLogin=True

2022/04/26 15:32:19  Thread:68  Login.btnLogin_Click(Object sender, EventArgs e) in c:\website\pdftag\Login.aspx.cs Line:31
Login account=admin ,isLogin=True

2022/04/26 15:55:34  Thread:72  Login.btnLogin_Click(Object sender, EventArgs e) in c:\website\pdftag\Login.aspx.cs Line:31
Login account=admin ,isLogin=True

