2022/06/21 13:35:45  Thread:44  Login.btnLogin_Click(Object sender, EventArgs e) in c:\website\pdftag\Login.aspx.cs Line:31
Login account=admin ,isLogin=True

2022/06/21 14:35:17  Thread:75  Passport_Passport_A000.ParsePDF(String pipid) in c:\website\pdftag\PDFManage\PDF_Manage_001.aspx.cs Line:845
type = fabric  Self  | Body  | VNL- 3412  | Approve d  | Softstreme PD Solid 330gsm Quick Dry  | VICTORIA TEXTILE LTD.  | 70  | 0  | 1.5000  | Yard  | $8.9600  | $13.440 0  | Black  | White Opal  | Powde r Blue  
type = fabric trim  
type = trim  See QA Manual  | Logo  | LUF201 408071  | Approve d with Limitatio ns  | T00172 - 0.5mm Raised Matte Lulu Logo - 13mm  | E. Textint  | 0  | 40  | 1.0000  | Each  | $0.1550  | $0.1550  | Black/ Dark Grey  | White Opal/L ight Grey  | Powde r Blue/Li ght Grey  
type = trim  See QA Manual  | See QD Thread Guide  | 5H4314 0  | Approve d  | GRAMAX HL TEX 21  | Coats PLC  | 0  | 45  | 1.0000  | Yard  | $0.0007  | $0.0007  | DTM  | DTM  | DTM  
type = trim  See QA Manual  |  | F785140  | Approve d  | Seamsoft Tex 24, Ticket 140  | Coats Plc  | 0  | 45  | 1.0000  | Yard  | $0.0011  | $0.0011  | DTM  | DTM  | DTM  
type = trim  See QA Manual  | See QD Thread Guide  | 2994180  | Approve d  | Epic Tex 18, Ticket 180 Thread  | Coats Plc  | 0  | 45  | 1.0000  | Yard  | $0.0007  | $0.0007  | DTM  | DTM  | DTM  
type = trim labels  
type = labels   |  |  |  |  |  |  |  |  |  |  |  |  |  |  | ----
type = labels   |  | 1  | d  | LLL- GARMENT  | JML Apparel Co. Ltd.  |  |  |  |  |  |  | White  | White  | White  
type = labels packaging  
type = packaging  See QA Manual  |  | ZLAPXS 1  | Approve d  | ZLAPXS1 - Source Tag - Eas Soft Label  | Tyco  | 0  | 0  | 1.0000  | Each  | $0.0430  | $0.0430  | White  | White  | White  
type = packaging  See QA Manual  |  | HTT100 2-ST- 2IN  | Approve d  | Hangtag Trim - Swiftach Fastener - 2inch  | Factory Sourced  | 0  | 0  | 1.0000  | Each  | $0.0000  | $0.0000  | White  | White  | White  
type = packaging  See QA Manual  |  | LWWMT Barcode  | Approve d  | WWMT Barcode Sticker  | Avery/Paxar  | 0  | 40  | 1.0000  | Each  | $0.0987  | $0.0987  | White  | White  | White  
type = packaging  See QA Manual  |  | LHT- WWMT- 001  | Approve d  | LHT - lululemon WWMT Hangtag - White  | Avery/Paxar  | 0  | 14  | 1.0000  | Each  | $0.0369  | $0.0369  | White  | White  | White  
type = packaging finishing  
type = finishing  See QA Manual  |  |  |  | GARMENT RINSE REQUIRED  |  | 0  | 0  | 1.0000  |  | $0.0000  | $0.0000  | YES  | YES  | YES  
type = finishing Total = $13.808  | ----


