2022/04/20 16:52:50  Thread:26  Login.btnLogin_Click(Object sender, EventArgs e) in c:\website\pdftag\Login.aspx.cs Line:31
Login account=admin ,isLogin=True

2022/04/20 16:52:54  Thread:30  Passport_Passport_A000.ParsePDF(String pipid) in c:\website\pdftag\PDFManage\PDF_Manage_001.aspx.cs Line:672
type = fabric  self  | BODY  | RT190 4031  | Approv ed  | Nulu 1.5 28gg Black Lycra optimize suede RPU wicking 214gsm  | Eclat Textiles Co. Ltd.  | 64  | 0  | 0.8500  | Yard  | $6.990 0  | $5.941 5  | Black  | Dark Olive  | Grap hite Grey  | Miner al Blue  | True Navy  
type = fabric  contrast1  | WAIST BAND  | RT190 4031  | Approv ed  | Nulu 1.5 28gg Black Lycra optimize suede RPU wicking 214gsm  | Eclat Textiles Co. Ltd.  | 64  | 0  | 0.2180  | Yard  | $6.990 0  | $1.523 8  | Black  | Dark Olive  | Grap hite Grey  | Miner al Blue  | True Navy  
type = fabric  contrast2  | GUSSE T  | RT190 3050  | Approv ed  | *FOR GUSSET USE ONLY* Nulu 1.5 28gg Black Lycra Non- Brushed with RPU wicking 214gsm  | Eclat Textiles Co. Ltd.  | 64  | 0  | 0.0500  | Yard  | $6.480 0  | $0.324 0  | Black  | Dark Olive  | Grap hite Grey  | Miner al Blue  | True Navy  
type = fabric  lining1  | PKT BAG  | R20403 099  | Approv ed  | Coolmax  | Eclat Textiles Co. Ltd.  | 63  | 0  | 0.0220  | Yard  | $2.890 0  | $0.063 6  | Black  | Dark Olive  | Grap hite Grey  | Miner al Blue  | True Navy  | ----
type = fabric  self  | BODY  | RT190 4031  | Approv ed  | Nulu 1.5 28gg Black Lycra optimize suede RPU wicking 214gsm  | Eclat Textiles Co. Ltd.  | 64  | 0  | 0.8500  | Yard  | $6.990 0  | $5.941 5  | Grey Sage  | Vinta ge Plum  | Caye nne  | Red Merlo t  | Butter nut Brow n  
type = fabric  contrast1  | WAIST BAND  | RT190 4031  | Approv ed  | Nulu 1.5 28gg Black Lycra optimize suede RPU wicking 214gsm  | Eclat Textiles Co. Ltd.  | 64  | 0  | 0.2180  | Yard  | $6.990 0  | $1.523 8  | Grey Sage  | Vinta ge Plum  | Caye nne  | Red Merlo t  | Butter nut Brow n  
type = fabric  contrast2  | GUSSE T  | RT190 3050  | Approv ed  | *FOR GUSSET USE ONLY* Nulu 1.5 28gg Black Lycra Non- Brushed with RPU wicking 214gsm  | Eclat Textiles Co. Ltd.  | 64  | 0  | 0.0500  | Yard  | $6.480 0  | $0.324 0  | Grey Sage  | Vinta ge Plum  | Caye nne  | Red Merlo t  | Butter nut Brow n  
type = fabric  lining1  | PKT BAG  | R20403 099  | Approv ed  | Coolmax  | Eclat Textiles Co. Ltd.  | 63  | 0  | 0.0220  | Yard  | $2.890 0  | $0.063 6  | Grey Sage  | Vinta ge Plum  | Caye nne  | Red Merlo t  | Butter nut Brow n  
type = fabric fabric  
type = fabric  self  | BODY  | RT1904 031  | Approve d  | Nulu 1.5 28gg Black Lycra optimize suede RPU wicking 214gsm  | Eclat Textiles Co. Ltd.  | 64  | 0  | 0.8500  | Yard  | $6.9900  | $5.9415  | Java  | Misty Glade  | Roast ed Orang e  | ----
type = fabric  contrast1  | WAISTB AND  | RT1904 031  | Approve d  | Nulu 1.5 28gg Black Lycra optimize suede RPU wicking 214gsm  | Eclat Textiles Co. Ltd.  | 64  | 0  | 0.2180  | Yard  | $6.9900  | $1.5238  | Java  | Misty Glade  | Roast ed Orang e  
type = fabric  contrast2  | GUSSE T  | RT1903 050  | Approve d  | *FOR GUSSET USE ONLY* Nulu 1.5 28gg Black Lycra Non- Brushed with RPU wicking 214gsm  | Eclat Textiles Co. Ltd.  | 64  | 0  | 0.0500  | Yard  | $6.4800  | $0.3240  | Java  | Misty Glade  | Roast ed Orang e  
type = fabric  lining1  | PKT BAG  | R20403 099  | Approve d  | Coolmax  | Eclat Textiles Co. Ltd.  | 63  | 0  | 0.0220  | Yard  | $2.8900  | $0.0636  | Java  | Misty Glade  | Roast ed Orang e  
type = fabric trim  
type = trim  seeQAManual  |  | 5H4314 0  | Approv ed  | GRAMAX HL TEX 21  | Coats PLC  | 0  | 45  | 1.0000  | Yard  | $0.000 7  | $0.000 7  | DTM  | DTM  | DTM  | DTM  | DTM  
type = trim  seeQAManual  |  | F7A514 0  | Approv ed  | Seamsoft AS,Tex 24, tkt 140  | Coats PLC  | 0  | 45  | 1.0000  | Yard  | $0.001 4  | $0.001 4  | DTM  | DTM  | DTM  | DTM  | DTM  
type = trim  seeQAManual  |  | F7A512 0  | Approv ed  | Seamsoft AS Tex 16  | Coats PLC  | 0  | 45  | 1.0000  | Yard  | $0.001 0  | $0.001 0  | DTM  | DTM  | DTM  | DTM  | DTM  
type = trim  seeQAManual  |  | 03A312 0  | Approv ed  | ELOFLEX AS Tex 27 Ticket 120  | Coats Plc  | 0  | 60  | 1.0000  | Yard  | $0.003 4  | $0.003 4  | DTM  | DTM  | DTM  | DTM  | DTM  
type = trim  seeQAManual  |  | 299418 0  | Approv ed  | Epic Tex 18, Ticket 180 Thread  | Coats Plc  | 0  | 45  | 1.0000  | Yard  | $0.000 7  | $0.000 7  | DTM  | DTM  | DTM  | DTM  | DTM  
type = trim  seeTechnicalSk etch  | AT PKT OPENI NG  | QE1/4" MOBIL ON  | Approv ed  | 1/4" Clear Mobilon Elastic (factory- sourced)  | Factory Sourced  | 0  | 0  | 0.2800  | Yard  | $0.000 1  | $0.000 0  | Clear  | Clear  | Clear  | Clear  | Clear  | ----
type = trim  seeTechnicalSk etch  | Logo  | LUF20 140806 7  | Approv ed with Limitati ons  | T00185N - Silver Reflective Lulu Logo, Hero Quality - 13mm (Effective SU15 and Onwards)  | E. Textint  | 0  | 40  | 1.0300  | Each  | $0.067 0  | $0.069 0  | Silver  | Silver  | Silver  | Silver  | Silver  
type = trim trim  
type = trim  seeQAManual  |  | 5H4314 0  | Approv ed  | GRAMAX HL TEX 21  | Coats PLC  | 0  | 45  | 1.0000  | Yard  | $0.000 7  | $0.000 7  | DTM  | DTM  | DTM  | DTM  | DTM  
type = trim  seeQAManual  |  | F7A514 0  | Approv ed  | Seamsoft AS,Tex 24, tkt 140  | Coats PLC  | 0  | 45  | 1.0000  | Yard  | $0.001 4  | $0.001 4  | DTM  | DTM  | DTM  | DTM  | DTM  
type = trim  seeQAManual  |  | F7A512 0  | Approv ed  | Seamsoft AS Tex 16  | Coats PLC  | 0  | 45  | 1.0000  | Yard  | $0.001 0  | $0.001 0  | DTM  | DTM  | DTM  | DTM  | DTM  
type = trim  seeQAManual  |  | 03A312 0  | Approv ed  | ELOFLEX AS Tex 27 Ticket 120  | Coats Plc  | 0  | 60  | 1.0000  | Yard  | $0.003 4  | $0.003 4  | DTM  | DTM  | DTM  | DTM  | DTM  
type = trim  seeQAManual  |  | 299418 0  | Approv ed  | Epic Tex 18, Ticket 180 Thread  | Coats Plc  | 0  | 45  | 1.0000  | Yard  | $0.000 7  | $0.000 7  | DTM  | DTM  | DTM  | DTM  | DTM  
type = trim  seeTechnicalSk etch  | AT PKT OPENI NG  | QE1/4" MOBIL ON  | Approv ed  | 1/4" Clear Mobilon Elastic (factory- sourced)  | Factory Sourced  | 0  | 0  | 0.2800  | Yard  | $0.000 1  | $0.000 0  | Clear  | Clear  | Clear  | Clear  | Clear  
type = trim  seeTechnicalSk etch  | Logo  | LUF20 140806 7  | Approv ed with Limitati ons  | T00185N - Silver Reflective Lulu Logo, Hero Quality - 13mm (Effective SU15 and Onwards)  | E. Textint  | 0  | 40  | 1.0300  | Each  | $0.067 0  | $0.069 0  | Silver  | Silver  | Silver  | Silver  | Silver  
type = trim trim  
type = trim  seeQAManual  |  | 5H4314  | Approve  | GRAMAX  | Coats PLC  | 0  | 45  | 1.0000  | Yard  | $0.0007  | $0.0007  | DTM  | DTM  | DTM  | ----
type = trim  seeQAManual  |  | F7A514 0  | Approve d  | Seamsoft AS,Tex 24, tkt 140  | Coats PLC  | 0  | 45  | 1.0000  | Yard  | $0.0014  | $0.0014  | DTM  | DTM  | DTM  
type = trim  seeQAManual  |  | F7A512 0  | Approve d  | Seamsoft AS Tex 16  | Coats PLC  | 0  | 45  | 1.0000  | Yard  | $0.0010  | $0.0010  | DTM  | DTM  | DTM  
type = trim  seeQAManual  |  | 03A3120  | Approve d  | ELOFLEX AS Tex 27 Ticket 120  | Coats Plc  | 0  | 60  | 1.0000  | Yard  | $0.0034  | $0.0034  | DTM  | DTM  | DTM  
type = trim  seeQAManual  |  | 2994180  | Approve d  | Epic Tex 18, Ticket 180 Thread  | Coats Plc  | 0  | 45  | 1.0000  | Yard  | $0.0007  | $0.0007  | DTM  | DTM  | DTM  
type = trim  seeTechnicalSket ch  | AT PKT OPENIN G  | QE1/4"M OBILON  | Approve d  | 1/4" Clear Mobilon Elastic (factory- sourced)  | Factory Sourced  | 0  | 0  | 0.2800  | Yard  | $0.0001  | $0.0000  | Clear  | Clear  | Clear  
type = trim  seeTechnicalSket ch  | Logo  | LUF201 408067  | Approve d with Limitatio ns  | T00185N - Silver Reflective Lulu Logo, Hero Quality - 13mm (Effective SU15 and Onwards)  | E. Textint  | 0  | 40  | 1.0300  | Each  | $0.0670  | $0.0690  | Silver  | Silver  | Silver  
type = trim labels  
type = labels  seeQAManual  |  | CC000 01  | Approv ed  | CC00001- LLL- GARMEN T  | Shanghai JML Apparel Co. Ltd.  | 0  | 15  | 1.0500  | Each  | $0.032 0  | $0.033 6  | White  | White  | White  | White  | White  
type = labels  seeTechnicalSk etch  |  | TRACE 00001  | Approv ed  | TRACE00 001 - Size and Traceabilit y Label  | Avery/Pax ar  | 0  | 14  | 1.0500  | Each  | $0.030 0  | $0.031 5  | White /Grey  | White /Grey  | White /Grey  | White /Grey  | White /Grey  
type = labels labels  
type = labels  seeQAManual  |  | CC000  | Approv  | CC00001-  | Shanghai  | 0  | 15  | 1.0500  | Each  | $0.032  | $0.033  | White  | White  | White  | White  | White  
type = labels   |  |  |  |  |  |  |  |  |  |  |  |  |  |  |  |  | ----
type = labels   |  |  |  | GARMEN T  | Apparel Co. Ltd.  |  |  |  |  |  |  |  |  |  |  |  
type = labels  seeTechnicalSk etch  |  | TRACE 00001  | Approv ed  | TRACE00 001 - Size and Traceabilit y Label  | Avery/Pax ar  | 0  | 14  | 1.0500  | Each  | $0.030 0  | $0.031 5  | White /Grey  | White /Grey  | White /Grey  | White /Grey  | White /Grey  
type = labels labels  
type = labels  seeQAManual  |  | CC0000 1  | Approve d  | CC00001- LLL- GARMENT  | Shanghai JML Apparel Co. Ltd.  | 0  | 15  | 1.0500  | Each  | $0.0320  | $0.0336  | White  | White  | White  
type = labels  seeTechnicalSket ch  |  | TRACE0 0001  | Approve d  | TRACE000 01 - Size and Traceability Label  | Avery/Paxar  | 0  | 14  | 1.0500  | Each  | $0.0300  | $0.0315  | White/ Grey  | White/ Grey  | White/ Grey  
type = labels packaging  
type = packaging  seeQAManual  |  | ZLAMT 7200R- B  | Approv ed  | HZLAMT7 200R-B - Source Tag - Black Tag ** Please Also Spec Pin Hmj70-H**  | Tyco  | 0  | 0  | 1.0500  | Each  | $0.080 3  | $0.084 3  | Black  | Black  | Black  | Black  | Black  | ----
type = packaging  seeQAManual  |  | MJ70-H  | Approv ed  | HMJ70-H - Source Tag - Silver Pin ** Please Also Spec Tag Hzlamt720 0R-B**  | Tyco  | 0  | 0  | 1.0500  | Each  | $0.022 7  | $0.023 8  | Silver  | Silver  | Silver  | Silver  | Silver  
type = packaging  seeQAManual  |  | LWWM T Barcod e  | Approv ed  | WWMT Barcode Sticker  | Avery/Pax ar  | 0  | 0  | 1.0500  | Each  | $0.098 7  | $0.103 6  | White  | White  | White  | White  | White  
type = packaging  seeQAManual  |  | LHT- WWMT -001  | Approv ed  | LHT - lululemon WWMT Hangtag - White  | Avery/Pax ar  | 0  | 14  | 1.0500  | Each  | $0.036 9  | $0.038 7  | White  | White  | White  | White  | White  
type = packaging  seeQAManual  |  | HTT10 02-ST- 2IN  | Approv ed  | Hangtag Trim - Swiftach Fastener - 2inch  | Factory Sourced  | 0  | 0  | 1.0500  | Each  | $0.000 0  | $0.000 0  | White  | White  | White  | White  | White  
type = packaging packaging  
type = packaging  seeQAManual  |  | ZLAMT 7200R- B  | Approv ed  | HZLAMT7 200R-B - Source Tag - Black Tag ** Please Also Spec Pin  | Tyco  | 0  | 0  | 1.0500  | Each  | $0.080 3  | $0.084 3  | Black  | Black  | Black  | Black  | Black  | ----
type = packaging   |  |  |  | Hmj70-H**  |  |  |  |  |  |  |  |  |  |  |  |  
type = packaging  seeQAManual  |  | MJ70-H  | Approv ed  | HMJ70-H - Source Tag - Silver Pin ** Please Also Spec Tag Hzlamt720 0R-B**  | Tyco  | 0  | 0  | 1.0500  | Each  | $0.022 7  | $0.023 8  | Silver  | Silver  | Silver  | Silver  | Silver  
type = packaging  seeQAManual  |  | LWWM T Barcod e  | Approv ed  | WWMT Barcode Sticker  | Avery/Pax ar  | 0  | 0  | 1.0500  | Each  | $0.098 7  | $0.103 6  | White  | White  | White  | White  | White  
type = packaging  seeQAManual  |  | LHT- WWMT -001  | Approv ed  | LHT - lululemon WWMT Hangtag - White  | Avery/Pax ar  | 0  | 14  | 1.0500  | Each  | $0.036 9  | $0.038 7  | White  | White  | White  | White  | White  
type = packaging  seeQAManual  |  | HTT10 02-ST- 2IN  | Approv ed  | Hangtag Trim - Swiftach Fastener - 2inch  | Factory Sourced  | 0  | 0  | 1.0500  | Each  | $0.000 0  | $0.000 0  | White  | White  | White  | White  | White  | ----
type = packaging  seeQAManual  |  | ZLAMT7 200R-B  | Approve d  | HZLAMT72 00R-B - Source Tag - Black Tag ** Please Also Spec Pin Hmj70- H**  | Tyco  | 0  | 0  | 1.0500  | Each  | $0.0803  | $0.0843  | Black  | Black  | Black  
type = packaging  seeQAManual  |  | MJ70-H  | Approve d  | HMJ70-H - Source Tag - Silver Pin ** Please Also Spec Tag Hzlamt7200 R-B**  | Tyco  | 0  | 0  | 1.0500  | Each  | $0.0227  | $0.0238  | Silver  | Silver  | Silver  
type = packaging  seeQAManual  |  | LWWMT Barcode  | Approve d  | WWMT Barcode Sticker  | Avery/Paxar  | 0  | 0  | 1.0500  | Each  | $0.0987  | $0.1036  | White  | White  | White  
type = packaging  seeQAManual  |  | LHT- WWMT- 001  | Approve d  | LHT - lululemon WWMT Hangtag - White  | Avery/Paxar  | 0  | 14  | 1.0500  | Each  | $0.0369  | $0.0387  | White  | White  | White  
type = packaging  seeQAManual  |  | HTT100 2-ST- 2IN  | Approve d  | Hangtag Trim - Swiftach Fastener - 2inch  | Factory Sourced  | 0  | 0  | 1.0500  | Each  | $0.0000  | $0.0000  | White  | White  | White  | ----
type = finishing   |  |  |  |  |  | 0  | 0  | 0.0000  |  | $0.000 0  | $0.000 0  |  |  |  |  |  
type = finishing finishing  
type = finishing   |  |  |  |  |  | 0  | 0  | 0.0000  |  | $0.000 0  | $0.000 0  |  |  |  |  |  
type = finishing finishing  
type = finishing   |  |  |  |  |  | 0  | 0  | 0.0000  |  | $0.0000  | $0.0000  |  |  |  
type = finishing Total = $24.734  | ----


2022/04/20 17:00:46  Thread:26  Passport_Passport_A000.ParsePDF(String pipid) in c:\website\pdftag\PDFManage\PDF_Manage_001.aspx.cs Line:672
type = fabric  self  | BODY  | RT190 4031  | Approv ed  | Nulu 1.5 28gg Black Lycra optimize suede RPU wicking 214gsm  | Eclat Textiles Co. Ltd.  | 64  | 0  | 0.8500  | Yard  | $6.990 0  | $5.941 5  | Black  | Dark Olive  | Grap hite Grey  | Miner al Blue  | True Navy  
type = fabric  contrast1  | WAIST BAND  | RT190 4031  | Approv ed  | Nulu 1.5 28gg Black Lycra optimize suede RPU wicking 214gsm  | Eclat Textiles Co. Ltd.  | 64  | 0  | 0.2180  | Yard  | $6.990 0  | $1.523 8  | Black  | Dark Olive  | Grap hite Grey  | Miner al Blue  | True Navy  
type = fabric  contrast2  | GUSSE T  | RT190 3050  | Approv ed  | *FOR GUSSET USE ONLY* Nulu 1.5 28gg Black Lycra Non- Brushed with RPU wicking 214gsm  | Eclat Textiles Co. Ltd.  | 64  | 0  | 0.0500  | Yard  | $6.480 0  | $0.324 0  | Black  | Dark Olive  | Grap hite Grey  | Miner al Blue  | True Navy  
type = fabric  lining1  | PKT BAG  | R20403 099  | Approv ed  | Coolmax  | Eclat Textiles Co. Ltd.  | 63  | 0  | 0.0220  | Yard  | $2.890 0  | $0.063 6  | Black  | Dark Olive  | Grap hite Grey  | Miner al Blue  | True Navy  | ----
type = fabric  self  | BODY  | RT190 4031  | Approv ed  | Nulu 1.5 28gg Black Lycra optimize suede RPU wicking 214gsm  | Eclat Textiles Co. Ltd.  | 64  | 0  | 0.8500  | Yard  | $6.990 0  | $5.941 5  | Grey Sage  | Vinta ge Plum  | Caye nne  | Red Merlo t  | Butter nut Brow n  
type = fabric  contrast1  | WAIST BAND  | RT190 4031  | Approv ed  | Nulu 1.5 28gg Black Lycra optimize suede RPU wicking 214gsm  | Eclat Textiles Co. Ltd.  | 64  | 0  | 0.2180  | Yard  | $6.990 0  | $1.523 8  | Grey Sage  | Vinta ge Plum  | Caye nne  | Red Merlo t  | Butter nut Brow n  
type = fabric  contrast2  | GUSSE T  | RT190 3050  | Approv ed  | *FOR GUSSET USE ONLY* Nulu 1.5 28gg Black Lycra Non- Brushed with RPU wicking 214gsm  | Eclat Textiles Co. Ltd.  | 64  | 0  | 0.0500  | Yard  | $6.480 0  | $0.324 0  | Grey Sage  | Vinta ge Plum  | Caye nne  | Red Merlo t  | Butter nut Brow n  
type = fabric  lining1  | PKT BAG  | R20403 099  | Approv ed  | Coolmax  | Eclat Textiles Co. Ltd.  | 63  | 0  | 0.0220  | Yard  | $2.890 0  | $0.063 6  | Grey Sage  | Vinta ge Plum  | Caye nne  | Red Merlo t  | Butter nut Brow n  
type = fabric fabric  
type = fabric  self  | BODY  | RT1904 031  | Approve d  | Nulu 1.5 28gg Black Lycra optimize suede RPU wicking 214gsm  | Eclat Textiles Co. Ltd.  | 64  | 0  | 0.8500  | Yard  | $6.9900  | $5.9415  | Java  | Misty Glade  | Roast ed Orang e  | ----
type = fabric  contrast1  | WAISTB AND  | RT1904 031  | Approve d  | Nulu 1.5 28gg Black Lycra optimize suede RPU wicking 214gsm  | Eclat Textiles Co. Ltd.  | 64  | 0  | 0.2180  | Yard  | $6.9900  | $1.5238  | Java  | Misty Glade  | Roast ed Orang e  
type = fabric  contrast2  | GUSSE T  | RT1903 050  | Approve d  | *FOR GUSSET USE ONLY* Nulu 1.5 28gg Black Lycra Non- Brushed with RPU wicking 214gsm  | Eclat Textiles Co. Ltd.  | 64  | 0  | 0.0500  | Yard  | $6.4800  | $0.3240  | Java  | Misty Glade  | Roast ed Orang e  
type = fabric  lining1  | PKT BAG  | R20403 099  | Approve d  | Coolmax  | Eclat Textiles Co. Ltd.  | 63  | 0  | 0.0220  | Yard  | $2.8900  | $0.0636  | Java  | Misty Glade  | Roast ed Orang e  
type = fabric trim  
type = trim  seeQAManual  |  | 5H4314 0  | Approv ed  | GRAMAX HL TEX 21  | Coats PLC  | 0  | 45  | 1.0000  | Yard  | $0.000 7  | $0.000 7  | DTM  | DTM  | DTM  | DTM  | DTM  
type = trim  seeQAManual  |  | F7A514 0  | Approv ed  | Seamsoft AS,Tex 24, tkt 140  | Coats PLC  | 0  | 45  | 1.0000  | Yard  | $0.001 4  | $0.001 4  | DTM  | DTM  | DTM  | DTM  | DTM  
type = trim  seeQAManual  |  | F7A512 0  | Approv ed  | Seamsoft AS Tex 16  | Coats PLC  | 0  | 45  | 1.0000  | Yard  | $0.001 0  | $0.001 0  | DTM  | DTM  | DTM  | DTM  | DTM  
type = trim  seeQAManual  |  | 03A312 0  | Approv ed  | ELOFLEX AS Tex 27 Ticket 120  | Coats Plc  | 0  | 60  | 1.0000  | Yard  | $0.003 4  | $0.003 4  | DTM  | DTM  | DTM  | DTM  | DTM  
type = trim  seeQAManual  |  | 299418 0  | Approv ed  | Epic Tex 18, Ticket 180 Thread  | Coats Plc  | 0  | 45  | 1.0000  | Yard  | $0.000 7  | $0.000 7  | DTM  | DTM  | DTM  | DTM  | DTM  
type = trim  seeTechnicalSk etch  | AT PKT OPENI NG  | QE1/4" MOBIL ON  | Approv ed  | 1/4" Clear Mobilon Elastic (factory- sourced)  | Factory Sourced  | 0  | 0  | 0.2800  | Yard  | $0.000 1  | $0.000 0  | Clear  | Clear  | Clear  | Clear  | Clear  | ----
type = trim  seeTechnicalSk etch  | Logo  | LUF20 140806 7  | Approv ed with Limitati ons  | T00185N - Silver Reflective Lulu Logo, Hero Quality - 13mm (Effective SU15 and Onwards)  | E. Textint  | 0  | 40  | 1.0300  | Each  | $0.067 0  | $0.069 0  | Silver  | Silver  | Silver  | Silver  | Silver  
type = trim trim  
type = trim  seeQAManual  |  | 5H4314 0  | Approv ed  | GRAMAX HL TEX 21  | Coats PLC  | 0  | 45  | 1.0000  | Yard  | $0.000 7  | $0.000 7  | DTM  | DTM  | DTM  | DTM  | DTM  
type = trim  seeQAManual  |  | F7A514 0  | Approv ed  | Seamsoft AS,Tex 24, tkt 140  | Coats PLC  | 0  | 45  | 1.0000  | Yard  | $0.001 4  | $0.001 4  | DTM  | DTM  | DTM  | DTM  | DTM  
type = trim  seeQAManual  |  | F7A512 0  | Approv ed  | Seamsoft AS Tex 16  | Coats PLC  | 0  | 45  | 1.0000  | Yard  | $0.001 0  | $0.001 0  | DTM  | DTM  | DTM  | DTM  | DTM  
type = trim  seeQAManual  |  | 03A312 0  | Approv ed  | ELOFLEX AS Tex 27 Ticket 120  | Coats Plc  | 0  | 60  | 1.0000  | Yard  | $0.003 4  | $0.003 4  | DTM  | DTM  | DTM  | DTM  | DTM  
type = trim  seeQAManual  |  | 299418 0  | Approv ed  | Epic Tex 18, Ticket 180 Thread  | Coats Plc  | 0  | 45  | 1.0000  | Yard  | $0.000 7  | $0.000 7  | DTM  | DTM  | DTM  | DTM  | DTM  
type = trim  seeTechnicalSk etch  | AT PKT OPENI NG  | QE1/4" MOBIL ON  | Approv ed  | 1/4" Clear Mobilon Elastic (factory- sourced)  | Factory Sourced  | 0  | 0  | 0.2800  | Yard  | $0.000 1  | $0.000 0  | Clear  | Clear  | Clear  | Clear  | Clear  
type = trim  seeTechnicalSk etch  | Logo  | LUF20 140806 7  | Approv ed with Limitati ons  | T00185N - Silver Reflective Lulu Logo, Hero Quality - 13mm (Effective SU15 and Onwards)  | E. Textint  | 0  | 40  | 1.0300  | Each  | $0.067 0  | $0.069 0  | Silver  | Silver  | Silver  | Silver  | Silver  
type = trim trim  
type = trim  seeQAManual  |  | 5H4314  | Approve  | GRAMAX  | Coats PLC  | 0  | 45  | 1.0000  | Yard  | $0.0007  | $0.0007  | DTM  | DTM  | DTM  | ----
type = trim  seeQAManual  |  | F7A514 0  | Approve d  | Seamsoft AS,Tex 24, tkt 140  | Coats PLC  | 0  | 45  | 1.0000  | Yard  | $0.0014  | $0.0014  | DTM  | DTM  | DTM  
type = trim  seeQAManual  |  | F7A512 0  | Approve d  | Seamsoft AS Tex 16  | Coats PLC  | 0  | 45  | 1.0000  | Yard  | $0.0010  | $0.0010  | DTM  | DTM  | DTM  
type = trim  seeQAManual  |  | 03A3120  | Approve d  | ELOFLEX AS Tex 27 Ticket 120  | Coats Plc  | 0  | 60  | 1.0000  | Yard  | $0.0034  | $0.0034  | DTM  | DTM  | DTM  
type = trim  seeQAManual  |  | 2994180  | Approve d  | Epic Tex 18, Ticket 180 Thread  | Coats Plc  | 0  | 45  | 1.0000  | Yard  | $0.0007  | $0.0007  | DTM  | DTM  | DTM  
type = trim  seeTechnicalSket ch  | AT PKT OPENIN G  | QE1/4"M OBILON  | Approve d  | 1/4" Clear Mobilon Elastic (factory- sourced)  | Factory Sourced  | 0  | 0  | 0.2800  | Yard  | $0.0001  | $0.0000  | Clear  | Clear  | Clear  
type = trim  seeTechnicalSket ch  | Logo  | LUF201 408067  | Approve d with Limitatio ns  | T00185N - Silver Reflective Lulu Logo, Hero Quality - 13mm (Effective SU15 and Onwards)  | E. Textint  | 0  | 40  | 1.0300  | Each  | $0.0670  | $0.0690  | Silver  | Silver  | Silver  
type = trim labels  
type = labels  seeQAManual  |  | CC000 01  | Approv ed  | CC00001- LLL- GARMEN T  | Shanghai JML Apparel Co. Ltd.  | 0  | 15  | 1.0500  | Each  | $0.032 0  | $0.033 6  | White  | White  | White  | White  | White  
type = labels  seeTechnicalSk etch  |  | TRACE 00001  | Approv ed  | TRACE00 001 - Size and Traceabilit y Label  | Avery/Pax ar  | 0  | 14  | 1.0500  | Each  | $0.030 0  | $0.031 5  | White /Grey  | White /Grey  | White /Grey  | White /Grey  | White /Grey  
type = labels labels  
type = labels  seeQAManual  |  | CC000  | Approv  | CC00001-  | Shanghai  | 0  | 15  | 1.0500  | Each  | $0.032  | $0.033  | White  | White  | White  | White  | White  
type = labels   |  |  |  |  |  |  |  |  |  |  |  |  |  |  |  |  | ----
type = labels   |  |  |  | GARMEN T  | Apparel Co. Ltd.  |  |  |  |  |  |  |  |  |  |  |  
type = labels  seeTechnicalSk etch  |  | TRACE 00001  | Approv ed  | TRACE00 001 - Size and Traceabilit y Label  | Avery/Pax ar  | 0  | 14  | 1.0500  | Each  | $0.030 0  | $0.031 5  | White /Grey  | White /Grey  | White /Grey  | White /Grey  | White /Grey  
type = labels labels  
type = labels  seeQAManual  |  | CC0000 1  | Approve d  | CC00001- LLL- GARMENT  | Shanghai JML Apparel Co. Ltd.  | 0  | 15  | 1.0500  | Each  | $0.0320  | $0.0336  | White  | White  | White  
type = labels  seeTechnicalSket ch  |  | TRACE0 0001  | Approve d  | TRACE000 01 - Size and Traceability Label  | Avery/Paxar  | 0  | 14  | 1.0500  | Each  | $0.0300  | $0.0315  | White/ Grey  | White/ Grey  | White/ Grey  
type = labels packaging  
type = packaging  seeQAManual  |  | ZLAMT 7200R- B  | Approv ed  | HZLAMT7 200R-B - Source Tag - Black Tag ** Please Also Spec Pin Hmj70-H**  | Tyco  | 0  | 0  | 1.0500  | Each  | $0.080 3  | $0.084 3  | Black  | Black  | Black  | Black  | Black  | ----
type = packaging  seeQAManual  |  | MJ70-H  | Approv ed  | HMJ70-H - Source Tag - Silver Pin ** Please Also Spec Tag Hzlamt720 0R-B**  | Tyco  | 0  | 0  | 1.0500  | Each  | $0.022 7  | $0.023 8  | Silver  | Silver  | Silver  | Silver  | Silver  
type = packaging  seeQAManual  |  | LWWM T Barcod e  | Approv ed  | WWMT Barcode Sticker  | Avery/Pax ar  | 0  | 0  | 1.0500  | Each  | $0.098 7  | $0.103 6  | White  | White  | White  | White  | White  
type = packaging  seeQAManual  |  | LHT- WWMT -001  | Approv ed  | LHT - lululemon WWMT Hangtag - White  | Avery/Pax ar  | 0  | 14  | 1.0500  | Each  | $0.036 9  | $0.038 7  | White  | White  | White  | White  | White  
type = packaging  seeQAManual  |  | HTT10 02-ST- 2IN  | Approv ed  | Hangtag Trim - Swiftach Fastener - 2inch  | Factory Sourced  | 0  | 0  | 1.0500  | Each  | $0.000 0  | $0.000 0  | White  | White  | White  | White  | White  
type = packaging packaging  
type = packaging  seeQAManual  |  | ZLAMT 7200R- B  | Approv ed  | HZLAMT7 200R-B - Source Tag - Black Tag ** Please Also Spec Pin  | Tyco  | 0  | 0  | 1.0500  | Each  | $0.080 3  | $0.084 3  | Black  | Black  | Black  | Black  | Black  | ----
type = packaging   |  |  |  | Hmj70-H**  |  |  |  |  |  |  |  |  |  |  |  |  
type = packaging  seeQAManual  |  | MJ70-H  | Approv ed  | HMJ70-H - Source Tag - Silver Pin ** Please Also Spec Tag Hzlamt720 0R-B**  | Tyco  | 0  | 0  | 1.0500  | Each  | $0.022 7  | $0.023 8  | Silver  | Silver  | Silver  | Silver  | Silver  
type = packaging  seeQAManual  |  | LWWM T Barcod e  | Approv ed  | WWMT Barcode Sticker  | Avery/Pax ar  | 0  | 0  | 1.0500  | Each  | $0.098 7  | $0.103 6  | White  | White  | White  | White  | White  
type = packaging  seeQAManual  |  | LHT- WWMT -001  | Approv ed  | LHT - lululemon WWMT Hangtag - White  | Avery/Pax ar  | 0  | 14  | 1.0500  | Each  | $0.036 9  | $0.038 7  | White  | White  | White  | White  | White  
type = packaging  seeQAManual  |  | HTT10 02-ST- 2IN  | Approv ed  | Hangtag Trim - Swiftach Fastener - 2inch  | Factory Sourced  | 0  | 0  | 1.0500  | Each  | $0.000 0  | $0.000 0  | White  | White  | White  | White  | White  | ----
type = packaging  seeQAManual  |  | ZLAMT7 200R-B  | Approve d  | HZLAMT72 00R-B - Source Tag - Black Tag ** Please Also Spec Pin Hmj70- H**  | Tyco  | 0  | 0  | 1.0500  | Each  | $0.0803  | $0.0843  | Black  | Black  | Black  
type = packaging  seeQAManual  |  | MJ70-H  | Approve d  | HMJ70-H - Source Tag - Silver Pin ** Please Also Spec Tag Hzlamt7200 R-B**  | Tyco  | 0  | 0  | 1.0500  | Each  | $0.0227  | $0.0238  | Silver  | Silver  | Silver  
type = packaging  seeQAManual  |  | LWWMT Barcode  | Approve d  | WWMT Barcode Sticker  | Avery/Paxar  | 0  | 0  | 1.0500  | Each  | $0.0987  | $0.1036  | White  | White  | White  
type = packaging  seeQAManual  |  | LHT- WWMT- 001  | Approve d  | LHT - lululemon WWMT Hangtag - White  | Avery/Paxar  | 0  | 14  | 1.0500  | Each  | $0.0369  | $0.0387  | White  | White  | White  
type = packaging  seeQAManual  |  | HTT100 2-ST- 2IN  | Approve d  | Hangtag Trim - Swiftach Fastener - 2inch  | Factory Sourced  | 0  | 0  | 1.0500  | Each  | $0.0000  | $0.0000  | White  | White  | White  | ----
type = finishing   |  |  |  |  |  | 0  | 0  | 0.0000  |  | $0.000 0  | $0.000 0  |  |  |  |  |  
type = finishing finishing  
type = finishing   |  |  |  |  |  | 0  | 0  | 0.0000  |  | $0.000 0  | $0.000 0  |  |  |  |  |  
type = finishing finishing  
type = finishing   |  |  |  |  |  | 0  | 0  | 0.0000  |  | $0.0000  | $0.0000  |  |  |  
type = finishing Total = $24.734  | ----


2022/04/20 17:38:12  Thread:25  Passport_Passport_A000.ParsePDF(String pipid) in c:\website\pdftag\PDFManage\PDF_Manage_001.aspx.cs Line:672
type = fabric  self  | BODY  | RT190 4031  | Approv ed  | Nulu 1.5 28gg Black Lycra optimize suede RPU wicking 214gsm  | Eclat Textiles Co. Ltd.  | 64  | 0  | 0.8500  | Yard  | $6.990 0  | $5.941 5  | Black  | Dark Olive  | Grap hite Grey  | Miner al Blue  | True Navy  
type = fabric  contrast1  | WAIST BAND  | RT190 4031  | Approv ed  | Nulu 1.5 28gg Black Lycra optimize suede RPU wicking 214gsm  | Eclat Textiles Co. Ltd.  | 64  | 0  | 0.2180  | Yard  | $6.990 0  | $1.523 8  | Black  | Dark Olive  | Grap hite Grey  | Miner al Blue  | True Navy  
type = fabric  contrast2  | GUSSE T  | RT190 3050  | Approv ed  | *FOR GUSSET USE ONLY* Nulu 1.5 28gg Black Lycra Non- Brushed with RPU wicking 214gsm  | Eclat Textiles Co. Ltd.  | 64  | 0  | 0.0500  | Yard  | $6.480 0  | $0.324 0  | Black  | Dark Olive  | Grap hite Grey  | Miner al Blue  | True Navy  
type = fabric  lining1  | PKT BAG  | R20403 099  | Approv ed  | Coolmax  | Eclat Textiles Co. Ltd.  | 63  | 0  | 0.0220  | Yard  | $2.890 0  | $0.063 6  | Black  | Dark Olive  | Grap hite Grey  | Miner al Blue  | True Navy  | ----
type = fabric  self  | BODY  | RT190 4031  | Approv ed  | Nulu 1.5 28gg Black Lycra optimize suede RPU wicking 214gsm  | Eclat Textiles Co. Ltd.  | 64  | 0  | 0.8500  | Yard  | $6.990 0  | $5.941 5  | Grey Sage  | Vinta ge Plum  | Caye nne  | Red Merlo t  | Butter nut Brow n  
type = fabric  contrast1  | WAIST BAND  | RT190 4031  | Approv ed  | Nulu 1.5 28gg Black Lycra optimize suede RPU wicking 214gsm  | Eclat Textiles Co. Ltd.  | 64  | 0  | 0.2180  | Yard  | $6.990 0  | $1.523 8  | Grey Sage  | Vinta ge Plum  | Caye nne  | Red Merlo t  | Butter nut Brow n  
type = fabric  contrast2  | GUSSE T  | RT190 3050  | Approv ed  | *FOR GUSSET USE ONLY* Nulu 1.5 28gg Black Lycra Non- Brushed with RPU wicking 214gsm  | Eclat Textiles Co. Ltd.  | 64  | 0  | 0.0500  | Yard  | $6.480 0  | $0.324 0  | Grey Sage  | Vinta ge Plum  | Caye nne  | Red Merlo t  | Butter nut Brow n  
type = fabric  lining1  | PKT BAG  | R20403 099  | Approv ed  | Coolmax  | Eclat Textiles Co. Ltd.  | 63  | 0  | 0.0220  | Yard  | $2.890 0  | $0.063 6  | Grey Sage  | Vinta ge Plum  | Caye nne  | Red Merlo t  | Butter nut Brow n  
type = fabric fabric  
type = fabric  self  | BODY  | RT1904 031  | Approve d  | Nulu 1.5 28gg Black Lycra optimize suede RPU wicking 214gsm  | Eclat Textiles Co. Ltd.  | 64  | 0  | 0.8500  | Yard  | $6.9900  | $5.9415  | Java  | Misty Glade  | Roast ed Orang e  | ----
type = fabric  contrast1  | WAISTB AND  | RT1904 031  | Approve d  | Nulu 1.5 28gg Black Lycra optimize suede RPU wicking 214gsm  | Eclat Textiles Co. Ltd.  | 64  | 0  | 0.2180  | Yard  | $6.9900  | $1.5238  | Java  | Misty Glade  | Roast ed Orang e  
type = fabric  contrast2  | GUSSE T  | RT1903 050  | Approve d  | *FOR GUSSET USE ONLY* Nulu 1.5 28gg Black Lycra Non- Brushed with RPU wicking 214gsm  | Eclat Textiles Co. Ltd.  | 64  | 0  | 0.0500  | Yard  | $6.4800  | $0.3240  | Java  | Misty Glade  | Roast ed Orang e  
type = fabric  lining1  | PKT BAG  | R20403 099  | Approve d  | Coolmax  | Eclat Textiles Co. Ltd.  | 63  | 0  | 0.0220  | Yard  | $2.8900  | $0.0636  | Java  | Misty Glade  | Roast ed Orang e  
type = fabric trim  
type = trim  seeQAManual  |  | 5H4314 0  | Approv ed  | GRAMAX HL TEX 21  | Coats PLC  | 0  | 45  | 1.0000  | Yard  | $0.000 7  | $0.000 7  | DTM  | DTM  | DTM  | DTM  | DTM  
type = trim  seeQAManual  |  | F7A514 0  | Approv ed  | Seamsoft AS,Tex 24, tkt 140  | Coats PLC  | 0  | 45  | 1.0000  | Yard  | $0.001 4  | $0.001 4  | DTM  | DTM  | DTM  | DTM  | DTM  
type = trim  seeQAManual  |  | F7A512 0  | Approv ed  | Seamsoft AS Tex 16  | Coats PLC  | 0  | 45  | 1.0000  | Yard  | $0.001 0  | $0.001 0  | DTM  | DTM  | DTM  | DTM  | DTM  
type = trim  seeQAManual  |  | 03A312 0  | Approv ed  | ELOFLEX AS Tex 27 Ticket 120  | Coats Plc  | 0  | 60  | 1.0000  | Yard  | $0.003 4  | $0.003 4  | DTM  | DTM  | DTM  | DTM  | DTM  
type = trim  seeQAManual  |  | 299418 0  | Approv ed  | Epic Tex 18, Ticket 180 Thread  | Coats Plc  | 0  | 45  | 1.0000  | Yard  | $0.000 7  | $0.000 7  | DTM  | DTM  | DTM  | DTM  | DTM  
type = trim  seeTechnicalSk etch  | AT PKT OPENI NG  | QE1/4" MOBIL ON  | Approv ed  | 1/4" Clear Mobilon Elastic (factory- sourced)  | Factory Sourced  | 0  | 0  | 0.2800  | Yard  | $0.000 1  | $0.000 0  | Clear  | Clear  | Clear  | Clear  | Clear  | ----
type = trim  seeTechnicalSk etch  | Logo  | LUF20 140806 7  | Approv ed with Limitati ons  | T00185N - Silver Reflective Lulu Logo, Hero Quality - 13mm (Effective SU15 and Onwards)  | E. Textint  | 0  | 40  | 1.0300  | Each  | $0.067 0  | $0.069 0  | Silver  | Silver  | Silver  | Silver  | Silver  
type = trim trim  
type = trim  seeQAManual  |  | 5H4314 0  | Approv ed  | GRAMAX HL TEX 21  | Coats PLC  | 0  | 45  | 1.0000  | Yard  | $0.000 7  | $0.000 7  | DTM  | DTM  | DTM  | DTM  | DTM  
type = trim  seeQAManual  |  | F7A514 0  | Approv ed  | Seamsoft AS,Tex 24, tkt 140  | Coats PLC  | 0  | 45  | 1.0000  | Yard  | $0.001 4  | $0.001 4  | DTM  | DTM  | DTM  | DTM  | DTM  
type = trim  seeQAManual  |  | F7A512 0  | Approv ed  | Seamsoft AS Tex 16  | Coats PLC  | 0  | 45  | 1.0000  | Yard  | $0.001 0  | $0.001 0  | DTM  | DTM  | DTM  | DTM  | DTM  
type = trim  seeQAManual  |  | 03A312 0  | Approv ed  | ELOFLEX AS Tex 27 Ticket 120  | Coats Plc  | 0  | 60  | 1.0000  | Yard  | $0.003 4  | $0.003 4  | DTM  | DTM  | DTM  | DTM  | DTM  
type = trim  seeQAManual  |  | 299418 0  | Approv ed  | Epic Tex 18, Ticket 180 Thread  | Coats Plc  | 0  | 45  | 1.0000  | Yard  | $0.000 7  | $0.000 7  | DTM  | DTM  | DTM  | DTM  | DTM  
type = trim  seeTechnicalSk etch  | AT PKT OPENI NG  | QE1/4" MOBIL ON  | Approv ed  | 1/4" Clear Mobilon Elastic (factory- sourced)  | Factory Sourced  | 0  | 0  | 0.2800  | Yard  | $0.000 1  | $0.000 0  | Clear  | Clear  | Clear  | Clear  | Clear  
type = trim  seeTechnicalSk etch  | Logo  | LUF20 140806 7  | Approv ed with Limitati ons  | T00185N - Silver Reflective Lulu Logo, Hero Quality - 13mm (Effective SU15 and Onwards)  | E. Textint  | 0  | 40  | 1.0300  | Each  | $0.067 0  | $0.069 0  | Silver  | Silver  | Silver  | Silver  | Silver  
type = trim trim  
type = trim  seeQAManual  |  | 5H4314  | Approve  | GRAMAX  | Coats PLC  | 0  | 45  | 1.0000  | Yard  | $0.0007  | $0.0007  | DTM  | DTM  | DTM  | ----
type = trim  seeQAManual  |  | F7A514 0  | Approve d  | Seamsoft AS,Tex 24, tkt 140  | Coats PLC  | 0  | 45  | 1.0000  | Yard  | $0.0014  | $0.0014  | DTM  | DTM  | DTM  
type = trim  seeQAManual  |  | F7A512 0  | Approve d  | Seamsoft AS Tex 16  | Coats PLC  | 0  | 45  | 1.0000  | Yard  | $0.0010  | $0.0010  | DTM  | DTM  | DTM  
type = trim  seeQAManual  |  | 03A3120  | Approve d  | ELOFLEX AS Tex 27 Ticket 120  | Coats Plc  | 0  | 60  | 1.0000  | Yard  | $0.0034  | $0.0034  | DTM  | DTM  | DTM  
type = trim  seeQAManual  |  | 2994180  | Approve d  | Epic Tex 18, Ticket 180 Thread  | Coats Plc  | 0  | 45  | 1.0000  | Yard  | $0.0007  | $0.0007  | DTM  | DTM  | DTM  
type = trim  seeTechnicalSket ch  | AT PKT OPENIN G  | QE1/4"M OBILON  | Approve d  | 1/4" Clear Mobilon Elastic (factory- sourced)  | Factory Sourced  | 0  | 0  | 0.2800  | Yard  | $0.0001  | $0.0000  | Clear  | Clear  | Clear  
type = trim  seeTechnicalSket ch  | Logo  | LUF201 408067  | Approve d with Limitatio ns  | T00185N - Silver Reflective Lulu Logo, Hero Quality - 13mm (Effective SU15 and Onwards)  | E. Textint  | 0  | 40  | 1.0300  | Each  | $0.0670  | $0.0690  | Silver  | Silver  | Silver  
type = trim labels  
type = labels  seeQAManual  |  | CC000 01  | Approv ed  | CC00001- LLL- GARMEN T  | Shanghai JML Apparel Co. Ltd.  | 0  | 15  | 1.0500  | Each  | $0.032 0  | $0.033 6  | White  | White  | White  | White  | White  
type = labels  seeTechnicalSk etch  |  | TRACE 00001  | Approv ed  | TRACE00 001 - Size and Traceabilit y Label  | Avery/Pax ar  | 0  | 14  | 1.0500  | Each  | $0.030 0  | $0.031 5  | White /Grey  | White /Grey  | White /Grey  | White /Grey  | White /Grey  
type = labels labels  
type = labels  seeQAManual  |  | CC000  | Approv  | CC00001-  | Shanghai  | 0  | 15  | 1.0500  | Each  | $0.032  | $0.033  | White  | White  | White  | White  | White  
type = labels   |  |  |  |  |  |  |  |  |  |  |  |  |  |  |  |  | ----
type = labels   |  |  |  | GARMEN T  | Apparel Co. Ltd.  |  |  |  |  |  |  |  |  |  |  |  
type = labels  seeTechnicalSk etch  |  | TRACE 00001  | Approv ed  | TRACE00 001 - Size and Traceabilit y Label  | Avery/Pax ar  | 0  | 14  | 1.0500  | Each  | $0.030 0  | $0.031 5  | White /Grey  | White /Grey  | White /Grey  | White /Grey  | White /Grey  
type = labels labels  
type = labels  seeQAManual  |  | CC0000 1  | Approve d  | CC00001- LLL- GARMENT  | Shanghai JML Apparel Co. Ltd.  | 0  | 15  | 1.0500  | Each  | $0.0320  | $0.0336  | White  | White  | White  
type = labels  seeTechnicalSket ch  |  | TRACE0 0001  | Approve d  | TRACE000 01 - Size and Traceability Label  | Avery/Paxar  | 0  | 14  | 1.0500  | Each  | $0.0300  | $0.0315  | White/ Grey  | White/ Grey  | White/ Grey  
type = labels packaging  
type = packaging  seeQAManual  |  | ZLAMT 7200R- B  | Approv ed  | HZLAMT7 200R-B - Source Tag - Black Tag ** Please Also Spec Pin Hmj70-H**  | Tyco  | 0  | 0  | 1.0500  | Each  | $0.080 3  | $0.084 3  | Black  | Black  | Black  | Black  | Black  | ----
type = packaging  seeQAManual  |  | MJ70-H  | Approv ed  | HMJ70-H - Source Tag - Silver Pin ** Please Also Spec Tag Hzlamt720 0R-B**  | Tyco  | 0  | 0  | 1.0500  | Each  | $0.022 7  | $0.023 8  | Silver  | Silver  | Silver  | Silver  | Silver  
type = packaging  seeQAManual  |  | LWWM T Barcod e  | Approv ed  | WWMT Barcode Sticker  | Avery/Pax ar  | 0  | 0  | 1.0500  | Each  | $0.098 7  | $0.103 6  | White  | White  | White  | White  | White  
type = packaging  seeQAManual  |  | LHT- WWMT -001  | Approv ed  | LHT - lululemon WWMT Hangtag - White  | Avery/Pax ar  | 0  | 14  | 1.0500  | Each  | $0.036 9  | $0.038 7  | White  | White  | White  | White  | White  
type = packaging  seeQAManual  |  | HTT10 02-ST- 2IN  | Approv ed  | Hangtag Trim - Swiftach Fastener - 2inch  | Factory Sourced  | 0  | 0  | 1.0500  | Each  | $0.000 0  | $0.000 0  | White  | White  | White  | White  | White  
type = packaging packaging  
type = packaging  seeQAManual  |  | ZLAMT 7200R- B  | Approv ed  | HZLAMT7 200R-B - Source Tag - Black Tag ** Please Also Spec Pin  | Tyco  | 0  | 0  | 1.0500  | Each  | $0.080 3  | $0.084 3  | Black  | Black  | Black  | Black  | Black  | ----
type = packaging   |  |  |  | Hmj70-H**  |  |  |  |  |  |  |  |  |  |  |  |  
type = packaging  seeQAManual  |  | MJ70-H  | Approv ed  | HMJ70-H - Source Tag - Silver Pin ** Please Also Spec Tag Hzlamt720 0R-B**  | Tyco  | 0  | 0  | 1.0500  | Each  | $0.022 7  | $0.023 8  | Silver  | Silver  | Silver  | Silver  | Silver  
type = packaging  seeQAManual  |  | LWWM T Barcod e  | Approv ed  | WWMT Barcode Sticker  | Avery/Pax ar  | 0  | 0  | 1.0500  | Each  | $0.098 7  | $0.103 6  | White  | White  | White  | White  | White  
type = packaging  seeQAManual  |  | LHT- WWMT -001  | Approv ed  | LHT - lululemon WWMT Hangtag - White  | Avery/Pax ar  | 0  | 14  | 1.0500  | Each  | $0.036 9  | $0.038 7  | White  | White  | White  | White  | White  
type = packaging  seeQAManual  |  | HTT10 02-ST- 2IN  | Approv ed  | Hangtag Trim - Swiftach Fastener - 2inch  | Factory Sourced  | 0  | 0  | 1.0500  | Each  | $0.000 0  | $0.000 0  | White  | White  | White  | White  | White  | ----
type = packaging  seeQAManual  |  | ZLAMT7 200R-B  | Approve d  | HZLAMT72 00R-B - Source Tag - Black Tag ** Please Also Spec Pin Hmj70- H**  | Tyco  | 0  | 0  | 1.0500  | Each  | $0.0803  | $0.0843  | Black  | Black  | Black  
type = packaging  seeQAManual  |  | MJ70-H  | Approve d  | HMJ70-H - Source Tag - Silver Pin ** Please Also Spec Tag Hzlamt7200 R-B**  | Tyco  | 0  | 0  | 1.0500  | Each  | $0.0227  | $0.0238  | Silver  | Silver  | Silver  
type = packaging  seeQAManual  |  | LWWMT Barcode  | Approve d  | WWMT Barcode Sticker  | Avery/Paxar  | 0  | 0  | 1.0500  | Each  | $0.0987  | $0.1036  | White  | White  | White  
type = packaging  seeQAManual  |  | LHT- WWMT- 001  | Approve d  | LHT - lululemon WWMT Hangtag - White  | Avery/Paxar  | 0  | 14  | 1.0500  | Each  | $0.0369  | $0.0387  | White  | White  | White  
type = packaging  seeQAManual  |  | HTT100 2-ST- 2IN  | Approve d  | Hangtag Trim - Swiftach Fastener - 2inch  | Factory Sourced  | 0  | 0  | 1.0500  | Each  | $0.0000  | $0.0000  | White  | White  | White  | ----
type = finishing   |  |  |  |  |  | 0  | 0  | 0.0000  |  | $0.000 0  | $0.000 0  |  |  |  |  |  
type = finishing finishing  
type = finishing   |  |  |  |  |  | 0  | 0  | 0.0000  |  | $0.000 0  | $0.000 0  |  |  |  |  |  
type = finishing finishing  
type = finishing   |  |  |  |  |  | 0  | 0  | 0.0000  |  | $0.0000  | $0.0000  |  |  |  
type = finishing Total = $24.734  | ----


2022/04/20 17:47:30  Thread:27  Passport_Passport_A000.ParsePDF(String pipid) in c:\website\pdftag\PDFManage\PDF_Manage_001.aspx.cs Line:674
type = fabric  self  | BODY  | RT190 4031  | Approv ed  | Nulu 1.5 28gg Black Lycra optimize suede RPU wicking 214gsm  | Eclat Textiles Co. Ltd.  | 64  | 0  | 0.8500  | Yard  | $6.990 0  | $5.941 5  | Black  | Dark Olive  | Grap hite Grey  | Miner al Blue  | True Navy  
type = fabric  contrast1  | WAIST BAND  | RT190 4031  | Approv ed  | Nulu 1.5 28gg Black Lycra optimize suede RPU wicking 214gsm  | Eclat Textiles Co. Ltd.  | 64  | 0  | 0.2180  | Yard  | $6.990 0  | $1.523 8  | Black  | Dark Olive  | Grap hite Grey  | Miner al Blue  | True Navy  
type = fabric  contrast2  | GUSSE T  | RT190 3050  | Approv ed  | *FOR GUSSET USE ONLY* Nulu 1.5 28gg Black Lycra Non- Brushed with RPU wicking 214gsm  | Eclat Textiles Co. Ltd.  | 64  | 0  | 0.0500  | Yard  | $6.480 0  | $0.324 0  | Black  | Dark Olive  | Grap hite Grey  | Miner al Blue  | True Navy  
type = fabric Modified D  | lining1 ate:Apr 28, 2021  | PKT BAG  | R20403 099  | Approv ed  | Coolmax Page   | Eclat Textiles Co. Ltd. 1 of 14  | 63  | 0  | 0.0220  | Yard  | $2.890 0  | $0.063 6  | Black  Con  | Dark Olive fidential   | Grap hite Grey and Prop  | Miner al Blue rietary  | True Navy  | ----
type = fabric  self  | BODY  | RT190 4031  | Approv ed  | Nulu 1.5 28gg Black Lycra optimize suede RPU wicking 214gsm  | Eclat Textiles Co. Ltd.  | 64  | 0  | 0.8500  | Yard  | $6.990 0  | $5.941 5  | Grey Sage  | Vinta ge Plum  | Caye nne  | Red Merlo t  | Butter nut Brow n  
type = fabric  contrast1  | WAIST BAND  | RT190 4031  | Approv ed  | Nulu 1.5 28gg Black Lycra optimize suede RPU wicking 214gsm  | Eclat Textiles Co. Ltd.  | 64  | 0  | 0.2180  | Yard  | $6.990 0  | $1.523 8  | Grey Sage  | Vinta ge Plum  | Caye nne  | Red Merlo t  | Butter nut Brow n  
type = fabric  contrast2  | GUSSE T  | RT190 3050  | Approv ed  | *FOR GUSSET USE ONLY* Nulu 1.5 28gg Black Lycra Non- Brushed with RPU wicking 214gsm  | Eclat Textiles Co. Ltd.  | 64  | 0  | 0.0500  | Yard  | $6.480 0  | $0.324 0  | Grey Sage  | Vinta ge Plum  | Caye nne  | Red Merlo t  | Butter nut Brow n  
type = fabric  lining1  | PKT BAG  | R20403 099  | Approv ed  | Coolmax  | Eclat Textiles Co. Ltd.  | 63  | 0  | 0.0220  | Yard  | $2.890 0  | $0.063 6  | Grey Sage  | Vinta ge Plum  | Caye nne  | Red Merlo t  | Butter nut Brow n  
type = fabric fabric  
type = fabric Modified Dat  | self e:Apr 28, 2021  | BODY  | RT1904 031  | Approve d  | Nulu 1.5 28gg Black Lycra optimize suede RPU wicking 214gsm Page 2 of 14  | Eclat Textiles Co. Ltd. 4  | 64  | 0  | 0.8500  | Yard  | $6.9900  | $5.9415  Confidenti  | Java al and Pro  | Misty Glade prietary  | Roast ed Orang e  | ----
type = fabric  contrast1  | WAISTB AND  | RT1904 031  | Approve d  | Nulu 1.5 28gg Black Lycra optimize suede RPU wicking 214gsm  | Eclat Textiles Co. Ltd.  | 64  | 0  | 0.2180  | Yard  | $6.9900  | $1.5238  | Java  | Misty Glade  | Roast ed Orang e  
type = fabric  contrast2  | GUSSE T  | RT1903 050  | Approve d  | *FOR GUSSET USE ONLY* Nulu 1.5 28gg Black Lycra Non- Brushed with RPU wicking 214gsm  | Eclat Textiles Co. Ltd.  | 64  | 0  | 0.0500  | Yard  | $6.4800  | $0.3240  | Java  | Misty Glade  | Roast ed Orang e  
type = fabric  lining1  | PKT BAG  | R20403 099  | Approve d  | Coolmax  | Eclat Textiles Co. Ltd.  | 63  | 0  | 0.0220  | Yard  | $2.8900  | $0.0636  | Java  | Misty Glade  | Roast ed Orang e  
type = fabric trim  
type = trim  seeQAManual  |  | 5H4314 0  | Approv ed  | GRAMAX HL TEX 21  | Coats PLC  | 0  | 45  | 1.0000  | Yard  | $0.000 7  | $0.000 7  | DTM  | DTM  | DTM  | DTM  | DTM  
type = trim  seeQAManual  |  | F7A514 0  | Approv ed  | Seamsoft AS,Tex 24, tkt 140  | Coats PLC  | 0  | 45  | 1.0000  | Yard  | $0.001 4  | $0.001 4  | DTM  | DTM  | DTM  | DTM  | DTM  
type = trim  seeQAManual  |  | F7A512 0  | Approv ed  | Seamsoft AS Tex 16  | Coats PLC  | 0  | 45  | 1.0000  | Yard  | $0.001 0  | $0.001 0  | DTM  | DTM  | DTM  | DTM  | DTM  
type = trim  seeQAManual  |  | 03A312 0  | Approv ed  | ELOFLEX AS Tex 27 Ticket 120  | Coats Plc  | 0  | 60  | 1.0000  | Yard  | $0.003 4  | $0.003 4  | DTM  | DTM  | DTM  | DTM  | DTM  
type = trim  seeQAManual  |  | 299418 0  | Approv ed  | Epic Tex 18, Ticket 180 Thread  | Coats Plc  | 0  | 45  | 1.0000  | Yard  | $0.000 7  | $0.000 7  | DTM  | DTM  | DTM  | DTM  | DTM  
type = trim Modified D  | seeTechnicalSk etch ate:Apr 28, 2021  | AT PKT OPENI NG  | QE1/4" MOBIL ON  | Approv ed  | 1/4" Clear Mobilon Elastic (factory- sourced) Page   | Factory Sourced 3 of 14  | 0  | 0  | 0.2800  | Yard  | $0.000 1  | $0.000 0  | Clear  Con  | Clear fidential   | Clear and Prop  | Clear rietary  | Clear  | ----
type = trim  seeTechnicalSk etch  | Logo  | LUF20 140806 7  | Approv ed with Limitati ons  | T00185N - Silver Reflective Lulu Logo, Hero Quality - 13mm (Effective SU15 and Onwards)  | E. Textint  | 0  | 40  | 1.0300  | Each  | $0.067 0  | $0.069 0  | Silver  | Silver  | Silver  | Silver  | Silver  
type = trim trim  
type = trim  seeQAManual  |  | 5H4314 0  | Approv ed  | GRAMAX HL TEX 21  | Coats PLC  | 0  | 45  | 1.0000  | Yard  | $0.000 7  | $0.000 7  | DTM  | DTM  | DTM  | DTM  | DTM  
type = trim  seeQAManual  |  | F7A514 0  | Approv ed  | Seamsoft AS,Tex 24, tkt 140  | Coats PLC  | 0  | 45  | 1.0000  | Yard  | $0.001 4  | $0.001 4  | DTM  | DTM  | DTM  | DTM  | DTM  
type = trim  seeQAManual  |  | F7A512 0  | Approv ed  | Seamsoft AS Tex 16  | Coats PLC  | 0  | 45  | 1.0000  | Yard  | $0.001 0  | $0.001 0  | DTM  | DTM  | DTM  | DTM  | DTM  
type = trim  seeQAManual  |  | 03A312 0  | Approv ed  | ELOFLEX AS Tex 27 Ticket 120  | Coats Plc  | 0  | 60  | 1.0000  | Yard  | $0.003 4  | $0.003 4  | DTM  | DTM  | DTM  | DTM  | DTM  
type = trim  seeQAManual  |  | 299418 0  | Approv ed  | Epic Tex 18, Ticket 180 Thread  | Coats Plc  | 0  | 45  | 1.0000  | Yard  | $0.000 7  | $0.000 7  | DTM  | DTM  | DTM  | DTM  | DTM  
type = trim  seeTechnicalSk etch  | AT PKT OPENI NG  | QE1/4" MOBIL ON  | Approv ed  | 1/4" Clear Mobilon Elastic (factory- sourced)  | Factory Sourced  | 0  | 0  | 0.2800  | Yard  | $0.000 1  | $0.000 0  | Clear  | Clear  | Clear  | Clear  | Clear  
type = trim  seeTechnicalSk etch  | Logo  | LUF20 140806 7  | Approv ed with Limitati ons  | T00185N - Silver Reflective Lulu Logo, Hero Quality - 13mm (Effective SU15 and Onwards)  | E. Textint  | 0  | 40  | 1.0300  | Each  | $0.067 0  | $0.069 0  | Silver  | Silver  | Silver  | Silver  | Silver  
type = trim trim  
type = trim Modified Dat  | seeQAManual e:Apr 28, 2021  |  | 5H4314 0  | Approve d  | GRAMAX HL TEX 21 Page 4 of 14  | Coats PLC 4  | 0  | 45  | 1.0000  | Yard  | $0.0007  | $0.0007  Confidenti  | DTM al and Pro  | DTM prietary  | DTM  | ----
type = trim  seeQAManual  |  | F7A514 0  | Approve d  | Seamsoft AS,Tex 24, tkt 140  | Coats PLC  | 0  | 45  | 1.0000  | Yard  | $0.0014  | $0.0014  | DTM  | DTM  | DTM  
type = trim  seeQAManual  |  | F7A512 0  | Approve d  | Seamsoft AS Tex 16  | Coats PLC  | 0  | 45  | 1.0000  | Yard  | $0.0010  | $0.0010  | DTM  | DTM  | DTM  
type = trim  seeQAManual  |  | 03A3120  | Approve d  | ELOFLEX AS Tex 27 Ticket 120  | Coats Plc  | 0  | 60  | 1.0000  | Yard  | $0.0034  | $0.0034  | DTM  | DTM  | DTM  
type = trim  seeQAManual  |  | 2994180  | Approve d  | Epic Tex 18, Ticket 180 Thread  | Coats Plc  | 0  | 45  | 1.0000  | Yard  | $0.0007  | $0.0007  | DTM  | DTM  | DTM  
type = trim  seeTechnicalSket ch  | AT PKT OPENIN G  | QE1/4"M OBILON  | Approve d  | 1/4" Clear Mobilon Elastic (factory- sourced)  | Factory Sourced  | 0  | 0  | 0.2800  | Yard  | $0.0001  | $0.0000  | Clear  | Clear  | Clear  
type = trim  seeTechnicalSket ch  | Logo  | LUF201 408067  | Approve d with Limitatio ns  | T00185N - Silver Reflective Lulu Logo, Hero Quality - 13mm (Effective SU15 and Onwards)  | E. Textint  | 0  | 40  | 1.0300  | Each  | $0.0670  | $0.0690  | Silver  | Silver  | Silver  
type = trim labels  
type = labels  seeQAManual  |  | CC000 01  | Approv ed  | CC00001- LLL- GARMEN T  | Shanghai JML Apparel Co. Ltd.  | 0  | 15  | 1.0500  | Each  | $0.032 0  | $0.033 6  | White  | White  | White  | White  | White  
type = labels  seeTechnicalSk etch  |  | TRACE 00001  | Approv ed  | TRACE00 001 - Size and Traceabilit y Label  | Avery/Pax ar  | 0  | 14  | 1.0500  | Each  | $0.030 0  | $0.031 5  | White /Grey  | White /Grey  | White /Grey  | White /Grey  | White /Grey  
type = labels labels  
type = labels Modified D  | seeQAManual ate:Apr 28, 2021  |  | CC000 01  | Approv ed  | CC00001- LLL- Page   | Shanghai JML 5 of 14  | 0  | 15  | 1.0500  | Each  | $0.032 0  | $0.033 6  | White  Con  | White fidential   | White and Prop  | White rietary  | White  
type = labels   |  |  |  |  |  |  |  |  |  |  |  |  |  |  |  |  | ----
type = labels   |  |  |  | GARMEN T  | Apparel Co. Ltd.  |  |  |  |  |  |  |  |  |  |  |  
type = labels  seeTechnicalSk etch  |  | TRACE 00001  | Approv ed  | TRACE00 001 - Size and Traceabilit y Label  | Avery/Pax ar  | 0  | 14  | 1.0500  | Each  | $0.030 0  | $0.031 5  | White /Grey  | White /Grey  | White /Grey  | White /Grey  | White /Grey  
type = labels labels  
type = labels  seeQAManual  |  | CC0000 1  | Approve d  | CC00001- LLL- GARMENT  | Shanghai JML Apparel Co. Ltd.  | 0  | 15  | 1.0500  | Each  | $0.0320  | $0.0336  | White  | White  | White  
type = labels  seeTechnicalSket ch  |  | TRACE0 0001  | Approve d  | TRACE000 01 - Size and Traceability Label  | Avery/Paxar  | 0  | 14  | 1.0500  | Each  | $0.0300  | $0.0315  | White/ Grey  | White/ Grey  | White/ Grey  
type = labels packaging  
type = packaging Modified D  | seeQAManual ate:Apr 28, 2021  |  | ZLAMT 7200R- B  | Approv ed  | HZLAMT7 200R-B - Source Tag - Black Tag ** Please Also Spec Pin Hmj70-H** Page   | Tyco 6 of 14  | 0  | 0  | 1.0500  | Each  | $0.080 3  | $0.084 3  | Black  Con  | Black fidential   | Black and Prop  | Black rietary  | Black  | ----
type = packaging  seeQAManual  |  | MJ70-H  | Approv ed  | HMJ70-H - Source Tag - Silver Pin ** Please Also Spec Tag Hzlamt720 0R-B**  | Tyco  | 0  | 0  | 1.0500  | Each  | $0.022 7  | $0.023 8  | Silver  | Silver  | Silver  | Silver  | Silver  
type = packaging  seeQAManual  |  | LWWM T Barcod e  | Approv ed  | WWMT Barcode Sticker  | Avery/Pax ar  | 0  | 0  | 1.0500  | Each  | $0.098 7  | $0.103 6  | White  | White  | White  | White  | White  
type = packaging  seeQAManual  |  | LHT- WWMT -001  | Approv ed  | LHT - lululemon WWMT Hangtag - White  | Avery/Pax ar  | 0  | 14  | 1.0500  | Each  | $0.036 9  | $0.038 7  | White  | White  | White  | White  | White  
type = packaging  seeQAManual  |  | HTT10 02-ST- 2IN  | Approv ed  | Hangtag Trim - Swiftach Fastener - 2inch  | Factory Sourced  | 0  | 0  | 1.0500  | Each  | $0.000 0  | $0.000 0  | White  | White  | White  | White  | White  
type = packaging packaging  
type = packaging Modified D  | seeQAManual ate:Apr 28, 2021  |  | ZLAMT 7200R- B  | Approv ed  | HZLAMT7 200R-B - Source Tag - Black Tag ** Please Also Spec Pin Hmj70-H** Page   | Tyco 7 of 14  | 0  | 0  | 1.0500  | Each  | $0.080 3  | $0.084 3  | Black  Con  | Black fidential   | Black and Prop  | Black rietary  | Black  | ----
type = packaging   |  |  |  | Hmj70-H**  |  |  |  |  |  |  |  |  |  |  |  |  
type = packaging  seeQAManual  |  | MJ70-H  | Approv ed  | HMJ70-H - Source Tag - Silver Pin ** Please Also Spec Tag Hzlamt720 0R-B**  | Tyco  | 0  | 0  | 1.0500  | Each  | $0.022 7  | $0.023 8  | Silver  | Silver  | Silver  | Silver  | Silver  
type = packaging  seeQAManual  |  | LWWM T Barcod e  | Approv ed  | WWMT Barcode Sticker  | Avery/Pax ar  | 0  | 0  | 1.0500  | Each  | $0.098 7  | $0.103 6  | White  | White  | White  | White  | White  
type = packaging  seeQAManual  |  | LHT- WWMT -001  | Approv ed  | LHT - lululemon WWMT Hangtag - White  | Avery/Pax ar  | 0  | 14  | 1.0500  | Each  | $0.036 9  | $0.038 7  | White  | White  | White  | White  | White  
type = packaging Modified D  | seeQAManual ate:Apr 28, 2021  |  | HTT10 02-ST- 2IN  | Approv ed  | Hangtag Trim - Swiftach Fastener - 2inch Page   | Factory Sourced 8 of 14  | 0  | 0  | 1.0500  | Each  | $0.000 0  | $0.000 0  | White  Con  | White fidential   | White and Prop  | White rietary  | White  | ----
type = packaging  seeQAManual  |  | ZLAMT7 200R-B  | Approve d  | HZLAMT72 00R-B - Source Tag - Black Tag ** Please Also Spec Pin Hmj70- H**  | Tyco  | 0  | 0  | 1.0500  | Each  | $0.0803  | $0.0843  | Black  | Black  | Black  
type = packaging  seeQAManual  |  | MJ70-H  | Approve d  | HMJ70-H - Source Tag - Silver Pin ** Please Also Spec Tag Hzlamt7200 R-B**  | Tyco  | 0  | 0  | 1.0500  | Each  | $0.0227  | $0.0238  | Silver  | Silver  | Silver  
type = packaging  seeQAManual  |  | LWWMT Barcode  | Approve d  | WWMT Barcode Sticker  | Avery/Paxar  | 0  | 0  | 1.0500  | Each  | $0.0987  | $0.1036  | White  | White  | White  
type = packaging  seeQAManual  |  | LHT- WWMT- 001  | Approve d  | LHT - lululemon WWMT Hangtag - White  | Avery/Paxar  | 0  | 14  | 1.0500  | Each  | $0.0369  | $0.0387  | White  | White  | White  
type = packaging Modified Dat  | seeQAManual e:Apr 28, 2021  |  | HTT100 2-ST- 2IN  | Approve d  | Hangtag Trim - Swiftach Fastener - 2inch Page 9 of 14  | Factory Sourced 4  | 0  | 0  | 1.0500  | Each  | $0.0000  | $0.0000  Confidenti  | White al and Pro  | White prietary  | White  | ----
type = finishing   |  |  |  |  |  | 0  | 0  | 0.0000  |  | $0.000 0  | $0.000 0  |  |  |  |  |  
type = finishing finishing  
type = finishing   |  |  |  |  |  | 0  | 0  | 0.0000  |  | $0.000 0  | $0.000 0  |  |  |  |  |  
type = finishing finishing  
type = finishing   |  |  |  |  |  | 0  | 0  | 0.0000  |  | $0.0000  | $0.0000  |  |  |  
type = finishing Total = $24.734  | ----


2022/04/20 18:01:08  Thread:26  Passport_Passport_A000.ParsePDF(String pipid) in c:\website\pdftag\PDFManage\PDF_Manage_001.aspx.cs Line:674
type = fabric  self  | BODY  | RT190 4031  | Approv ed  | Nulu 1.5 28gg Black Lycra optimize suede RPU wicking 214gsm  | Eclat Textiles Co. Ltd.  | 64  | 0  | 0.8500  | Yard  | $6.990 0  | $5.941 5  | Black  | Dark Olive  | Grap hite Grey  | Miner al Blue  | True Navy  
type = fabric  contrast1  | WAIST BAND  | RT190 4031  | Approv ed  | Nulu 1.5 28gg Black Lycra optimize suede RPU wicking 214gsm  | Eclat Textiles Co. Ltd.  | 64  | 0  | 0.2180  | Yard  | $6.990 0  | $1.523 8  | Black  | Dark Olive  | Grap hite Grey  | Miner al Blue  | True Navy  
type = fabric  contrast2  | GUSSE T  | RT190 3050  | Approv ed  | *FOR GUSSET USE ONLY* Nulu 1.5 28gg Black Lycra Non- Brushed with RPU wicking 214gsm  | Eclat Textiles Co. Ltd.  | 64  | 0  | 0.0500  | Yard  | $6.480 0  | $0.324 0  | Black  | Dark Olive  | Grap hite Grey  | Miner al Blue  | True Navy  
type = fabric  lining1 ate:Apr 28, 2021  | PKT BAG  | R20403 099  | Approv ed  | Coolmax Page   | Eclat Textiles Co. Ltd. 1 of 14  | 63  | 0  | 0.0220  | Yard  | $2.890 0  | $0.063 6  | Black  Con  | Dark Olive fidential   | Grap hite Grey and Prop  | Miner al Blue rietary  | True Navy  | ----
type = fabric  self  | BODY  | RT190 4031  | Approv ed  | Nulu 1.5 28gg Black Lycra optimize suede RPU wicking 214gsm  | Eclat Textiles Co. Ltd.  | 64  | 0  | 0.8500  | Yard  | $6.990 0  | $5.941 5  | Grey Sage  | Vinta ge Plum  | Caye nne  | Red Merlo t  | Butter nut Brow n  
type = fabric  contrast1  | WAIST BAND  | RT190 4031  | Approv ed  | Nulu 1.5 28gg Black Lycra optimize suede RPU wicking 214gsm  | Eclat Textiles Co. Ltd.  | 64  | 0  | 0.2180  | Yard  | $6.990 0  | $1.523 8  | Grey Sage  | Vinta ge Plum  | Caye nne  | Red Merlo t  | Butter nut Brow n  
type = fabric  contrast2  | GUSSE T  | RT190 3050  | Approv ed  | *FOR GUSSET USE ONLY* Nulu 1.5 28gg Black Lycra Non- Brushed with RPU wicking 214gsm  | Eclat Textiles Co. Ltd.  | 64  | 0  | 0.0500  | Yard  | $6.480 0  | $0.324 0  | Grey Sage  | Vinta ge Plum  | Caye nne  | Red Merlo t  | Butter nut Brow n  
type = fabric  lining1  | PKT BAG  | R20403 099  | Approv ed  | Coolmax  | Eclat Textiles Co. Ltd.  | 63  | 0  | 0.0220  | Yard  | $2.890 0  | $0.063 6  | Grey Sage  | Vinta ge Plum  | Caye nne  | Red Merlo t  | Butter nut Brow n  
type = fabric fabric  
type = fabric  self e:Apr 28, 2021  | BODY  | RT1904 031  | Approve d  | Nulu 1.5 28gg Black Lycra optimize suede RPU wicking 214gsm Page 2 of 14  | Eclat Textiles Co. Ltd. 4  | 64  | 0  | 0.8500  | Yard  | $6.9900  | $5.9415  Confidenti  | Java al and Pro  | Misty Glade prietary  | Roast ed Orang e  | ----
type = fabric  contrast1  | WAISTB AND  | RT1904 031  | Approve d  | Nulu 1.5 28gg Black Lycra optimize suede RPU wicking 214gsm  | Eclat Textiles Co. Ltd.  | 64  | 0  | 0.2180  | Yard  | $6.9900  | $1.5238  | Java  | Misty Glade  | Roast ed Orang e  
type = fabric  contrast2  | GUSSE T  | RT1903 050  | Approve d  | *FOR GUSSET USE ONLY* Nulu 1.5 28gg Black Lycra Non- Brushed with RPU wicking 214gsm  | Eclat Textiles Co. Ltd.  | 64  | 0  | 0.0500  | Yard  | $6.4800  | $0.3240  | Java  | Misty Glade  | Roast ed Orang e  
type = fabric  lining1  | PKT BAG  | R20403 099  | Approve d  | Coolmax  | Eclat Textiles Co. Ltd.  | 63  | 0  | 0.0220  | Yard  | $2.8900  | $0.0636  | Java  | Misty Glade  | Roast ed Orang e  
type = fabric trim  
type = trim  seeQAManual  |  | 5H4314 0  | Approv ed  | GRAMAX HL TEX 21  | Coats PLC  | 0  | 45  | 1.0000  | Yard  | $0.000 7  | $0.000 7  | DTM  | DTM  | DTM  | DTM  | DTM  
type = trim  seeQAManual  |  | F7A514 0  | Approv ed  | Seamsoft AS,Tex 24, tkt 140  | Coats PLC  | 0  | 45  | 1.0000  | Yard  | $0.001 4  | $0.001 4  | DTM  | DTM  | DTM  | DTM  | DTM  
type = trim  seeQAManual  |  | F7A512 0  | Approv ed  | Seamsoft AS Tex 16  | Coats PLC  | 0  | 45  | 1.0000  | Yard  | $0.001 0  | $0.001 0  | DTM  | DTM  | DTM  | DTM  | DTM  
type = trim  seeQAManual  |  | 03A312 0  | Approv ed  | ELOFLEX AS Tex 27 Ticket 120  | Coats Plc  | 0  | 60  | 1.0000  | Yard  | $0.003 4  | $0.003 4  | DTM  | DTM  | DTM  | DTM  | DTM  
type = trim  seeQAManual  |  | 299418 0  | Approv ed  | Epic Tex 18, Ticket 180 Thread  | Coats Plc  | 0  | 45  | 1.0000  | Yard  | $0.000 7  | $0.000 7  | DTM  | DTM  | DTM  | DTM  | DTM  
type = trim  seeTechnicalSk etch ate:Apr 28, 2021  | AT PKT OPENI NG  | QE1/4" MOBIL ON  | Approv ed  | 1/4" Clear Mobilon Elastic (factory- sourced) Page   | Factory Sourced 3 of 14  | 0  | 0  | 0.2800  | Yard  | $0.000 1  | $0.000 0  | Clear  Con  | Clear fidential   | Clear and Prop  | Clear rietary  | Clear  | ----
type = trim  seeTechnicalSk etch  | Logo  | LUF20 140806 7  | Approv ed with Limitati ons  | T00185N - Silver Reflective Lulu Logo, Hero Quality - 13mm (Effective SU15 and Onwards)  | E. Textint  | 0  | 40  | 1.0300  | Each  | $0.067 0  | $0.069 0  | Silver  | Silver  | Silver  | Silver  | Silver  
type = trim trim  
type = trim  seeQAManual  |  | 5H4314 0  | Approv ed  | GRAMAX HL TEX 21  | Coats PLC  | 0  | 45  | 1.0000  | Yard  | $0.000 7  | $0.000 7  | DTM  | DTM  | DTM  | DTM  | DTM  
type = trim  seeQAManual  |  | F7A514 0  | Approv ed  | Seamsoft AS,Tex 24, tkt 140  | Coats PLC  | 0  | 45  | 1.0000  | Yard  | $0.001 4  | $0.001 4  | DTM  | DTM  | DTM  | DTM  | DTM  
type = trim  seeQAManual  |  | F7A512 0  | Approv ed  | Seamsoft AS Tex 16  | Coats PLC  | 0  | 45  | 1.0000  | Yard  | $0.001 0  | $0.001 0  | DTM  | DTM  | DTM  | DTM  | DTM  
type = trim  seeQAManual  |  | 03A312 0  | Approv ed  | ELOFLEX AS Tex 27 Ticket 120  | Coats Plc  | 0  | 60  | 1.0000  | Yard  | $0.003 4  | $0.003 4  | DTM  | DTM  | DTM  | DTM  | DTM  
type = trim  seeQAManual  |  | 299418 0  | Approv ed  | Epic Tex 18, Ticket 180 Thread  | Coats Plc  | 0  | 45  | 1.0000  | Yard  | $0.000 7  | $0.000 7  | DTM  | DTM  | DTM  | DTM  | DTM  
type = trim  seeTechnicalSk etch  | AT PKT OPENI NG  | QE1/4" MOBIL ON  | Approv ed  | 1/4" Clear Mobilon Elastic (factory- sourced)  | Factory Sourced  | 0  | 0  | 0.2800  | Yard  | $0.000 1  | $0.000 0  | Clear  | Clear  | Clear  | Clear  | Clear  
type = trim  seeTechnicalSk etch  | Logo  | LUF20 140806 7  | Approv ed with Limitati ons  | T00185N - Silver Reflective Lulu Logo, Hero Quality - 13mm (Effective SU15 and Onwards)  | E. Textint  | 0  | 40  | 1.0300  | Each  | $0.067 0  | $0.069 0  | Silver  | Silver  | Silver  | Silver  | Silver  
type = trim trim  
type = trim  seeQAManual e:Apr 28, 2021  |  | 5H4314 0  | Approve d  | GRAMAX HL TEX 21 Page 4 of 14  | Coats PLC 4  | 0  | 45  | 1.0000  | Yard  | $0.0007  | $0.0007  Confidenti  | DTM al and Pro  | DTM prietary  | DTM  | ----
type = trim  seeQAManual  |  | F7A514 0  | Approve d  | Seamsoft AS,Tex 24, tkt 140  | Coats PLC  | 0  | 45  | 1.0000  | Yard  | $0.0014  | $0.0014  | DTM  | DTM  | DTM  
type = trim  seeQAManual  |  | F7A512 0  | Approve d  | Seamsoft AS Tex 16  | Coats PLC  | 0  | 45  | 1.0000  | Yard  | $0.0010  | $0.0010  | DTM  | DTM  | DTM  
type = trim  seeQAManual  |  | 03A3120  | Approve d  | ELOFLEX AS Tex 27 Ticket 120  | Coats Plc  | 0  | 60  | 1.0000  | Yard  | $0.0034  | $0.0034  | DTM  | DTM  | DTM  
type = trim  seeQAManual  |  | 2994180  | Approve d  | Epic Tex 18, Ticket 180 Thread  | Coats Plc  | 0  | 45  | 1.0000  | Yard  | $0.0007  | $0.0007  | DTM  | DTM  | DTM  
type = trim  seeTechnicalSket ch  | AT PKT OPENIN G  | QE1/4"M OBILON  | Approve d  | 1/4" Clear Mobilon Elastic (factory- sourced)  | Factory Sourced  | 0  | 0  | 0.2800  | Yard  | $0.0001  | $0.0000  | Clear  | Clear  | Clear  
type = trim  seeTechnicalSket ch  | Logo  | LUF201 408067  | Approve d with Limitatio ns  | T00185N - Silver Reflective Lulu Logo, Hero Quality - 13mm (Effective SU15 and Onwards)  | E. Textint  | 0  | 40  | 1.0300  | Each  | $0.0670  | $0.0690  | Silver  | Silver  | Silver  
type = trim labels  
type = labels  seeQAManual  |  | CC000 01  | Approv ed  | CC00001- LLL- GARMEN T  | Shanghai JML Apparel Co. Ltd.  | 0  | 15  | 1.0500  | Each  | $0.032 0  | $0.033 6  | White  | White  | White  | White  | White  
type = labels  seeTechnicalSk etch  |  | TRACE 00001  | Approv ed  | TRACE00 001 - Size and Traceabilit y Label  | Avery/Pax ar  | 0  | 14  | 1.0500  | Each  | $0.030 0  | $0.031 5  | White /Grey  | White /Grey  | White /Grey  | White /Grey  | White /Grey  
type = labels labels  
type = labels  seeQAManual ate:Apr 28, 2021  |  | CC000 01  | Approv ed  | CC00001- LLL- Page   | Shanghai JML 5 of 14  | 0  | 15  | 1.0500  | Each  | $0.032 0  | $0.033 6  | White  Con  | White fidential   | White and Prop  | White rietary  | White  
type = labels   |  |  |  |  |  |  |  |  |  |  |  |  |  |  |  |  | ----
type = labels   |  |  |  | GARMEN T  | Apparel Co. Ltd.  |  |  |  |  |  |  |  |  |  |  |  
type = labels  seeTechnicalSk etch  |  | TRACE 00001  | Approv ed  | TRACE00 001 - Size and Traceabilit y Label  | Avery/Pax ar  | 0  | 14  | 1.0500  | Each  | $0.030 0  | $0.031 5  | White /Grey  | White /Grey  | White /Grey  | White /Grey  | White /Grey  
type = labels labels  
type = labels  seeQAManual  |  | CC0000 1  | Approve d  | CC00001- LLL- GARMENT  | Shanghai JML Apparel Co. Ltd.  | 0  | 15  | 1.0500  | Each  | $0.0320  | $0.0336  | White  | White  | White  
type = labels  seeTechnicalSket ch  |  | TRACE0 0001  | Approve d  | TRACE000 01 - Size and Traceability Label  | Avery/Paxar  | 0  | 14  | 1.0500  | Each  | $0.0300  | $0.0315  | White/ Grey  | White/ Grey  | White/ Grey  
type = labels packaging  
type = packaging  seeQAManual ate:Apr 28, 2021  |  | ZLAMT 7200R- B  | Approv ed  | HZLAMT7 200R-B - Source Tag - Black Tag ** Please Also Spec Pin Hmj70-H** Page   | Tyco 6 of 14  | 0  | 0  | 1.0500  | Each  | $0.080 3  | $0.084 3  | Black  Con  | Black fidential   | Black and Prop  | Black rietary  | Black  | ----
type = packaging  seeQAManual  |  | MJ70-H  | Approv ed  | HMJ70-H - Source Tag - Silver Pin ** Please Also Spec Tag Hzlamt720 0R-B**  | Tyco  | 0  | 0  | 1.0500  | Each  | $0.022 7  | $0.023 8  | Silver  | Silver  | Silver  | Silver  | Silver  
type = packaging  seeQAManual  |  | LWWM T Barcod e  | Approv ed  | WWMT Barcode Sticker  | Avery/Pax ar  | 0  | 0  | 1.0500  | Each  | $0.098 7  | $0.103 6  | White  | White  | White  | White  | White  
type = packaging  seeQAManual  |  | LHT- WWMT -001  | Approv ed  | LHT - lululemon WWMT Hangtag - White  | Avery/Pax ar  | 0  | 14  | 1.0500  | Each  | $0.036 9  | $0.038 7  | White  | White  | White  | White  | White  
type = packaging  seeQAManual  |  | HTT10 02-ST- 2IN  | Approv ed  | Hangtag Trim - Swiftach Fastener - 2inch  | Factory Sourced  | 0  | 0  | 1.0500  | Each  | $0.000 0  | $0.000 0  | White  | White  | White  | White  | White  
type = packaging packaging  
type = packaging  seeQAManual ate:Apr 28, 2021  |  | ZLAMT 7200R- B  | Approv ed  | HZLAMT7 200R-B - Source Tag - Black Tag ** Please Also Spec Pin Hmj70-H** Page   | Tyco 7 of 14  | 0  | 0  | 1.0500  | Each  | $0.080 3  | $0.084 3  | Black  Con  | Black fidential   | Black and Prop  | Black rietary  | Black  | ----
type = packaging   |  |  |  | Hmj70-H**  |  |  |  |  |  |  |  |  |  |  |  |  
type = packaging  seeQAManual  |  | MJ70-H  | Approv ed  | HMJ70-H - Source Tag - Silver Pin ** Please Also Spec Tag Hzlamt720 0R-B**  | Tyco  | 0  | 0  | 1.0500  | Each  | $0.022 7  | $0.023 8  | Silver  | Silver  | Silver  | Silver  | Silver  
type = packaging  seeQAManual  |  | LWWM T Barcod e  | Approv ed  | WWMT Barcode Sticker  | Avery/Pax ar  | 0  | 0  | 1.0500  | Each  | $0.098 7  | $0.103 6  | White  | White  | White  | White  | White  
type = packaging  seeQAManual  |  | LHT- WWMT -001  | Approv ed  | LHT - lululemon WWMT Hangtag - White  | Avery/Pax ar  | 0  | 14  | 1.0500  | Each  | $0.036 9  | $0.038 7  | White  | White  | White  | White  | White  
type = packaging  seeQAManual ate:Apr 28, 2021  |  | HTT10 02-ST- 2IN  | Approv ed  | Hangtag Trim - Swiftach Fastener - 2inch Page   | Factory Sourced 8 of 14  | 0  | 0  | 1.0500  | Each  | $0.000 0  | $0.000 0  | White  Con  | White fidential   | White and Prop  | White rietary  | White  | ----
type = packaging  seeQAManual  |  | ZLAMT7 200R-B  | Approve d  | HZLAMT72 00R-B - Source Tag - Black Tag ** Please Also Spec Pin Hmj70- H**  | Tyco  | 0  | 0  | 1.0500  | Each  | $0.0803  | $0.0843  | Black  | Black  | Black  
type = packaging  seeQAManual  |  | MJ70-H  | Approve d  | HMJ70-H - Source Tag - Silver Pin ** Please Also Spec Tag Hzlamt7200 R-B**  | Tyco  | 0  | 0  | 1.0500  | Each  | $0.0227  | $0.0238  | Silver  | Silver  | Silver  
type = packaging  seeQAManual  |  | LWWMT Barcode  | Approve d  | WWMT Barcode Sticker  | Avery/Paxar  | 0  | 0  | 1.0500  | Each  | $0.0987  | $0.1036  | White  | White  | White  
type = packaging  seeQAManual  |  | LHT- WWMT- 001  | Approve d  | LHT - lululemon WWMT Hangtag - White  | Avery/Paxar  | 0  | 14  | 1.0500  | Each  | $0.0369  | $0.0387  | White  | White  | White  
type = packaging  seeQAManual e:Apr 28, 2021  |  | HTT100 2-ST- 2IN  | Approve d  | Hangtag Trim - Swiftach Fastener - 2inch Page 9 of 14  | Factory Sourced 4  | 0  | 0  | 1.0500  | Each  | $0.0000  | $0.0000  Confidenti  | White al and Pro  | White prietary  | White  | ----
type = finishing   |  |  |  |  |  | 0  | 0  | 0.0000  |  | $0.000 0  | $0.000 0  |  |  |  |  |  
type = finishing finishing  
type = finishing   |  |  |  |  |  | 0  | 0  | 0.0000  |  | $0.000 0  | $0.000 0  |  |  |  |  |  
type = finishing finishing  
type = finishing   |  |  |  |  |  | 0  | 0  | 0.0000  |  | $0.0000  | $0.0000  |  |  |  
type = finishing Total = $24.734  | ----


